Using pre-set license
Desktop is 3600 x 1080 @ 60 Hz

 COMMAND LINE ARGUMENTS:
Unity
-adb2
-batchMode
-noUpm
-name
AssetImportWorker1
-projectPath
/home/tropot/Documents/Unity/Light Bot(VremennoeImia)
-logFile
Logs/AssetImportWorker1.log
-srvPort
37217
Successfully changed project path to: /home/tropot/Documents/Unity/Light Bot(VremennoeImia)
/home/tropot/Documents/Unity/Light Bot(VremennoeImia)
Using Asset Import Pipeline V2.
Refreshing native plugins compatible for Editor in 139.82 ms, found 1 plugins.
Preloading 0 native plugins for Editor in 0.00 ms.
Initialize engine version: 2020.3.4f1 (0abb6314276a)
[Subsystems] Discovering subsystems at path /home/tropot/Unity/Hub/Editor/2020.3.4f1/Editor/Data/Resources/UnitySubsystems
[Subsystems] Discovering subsystems at path /home/tropot/Documents/Unity/Light Bot(VremennoeImia)/Assets
GLX Extensions: GLX_EXT_visual_info GLX_EXT_visual_rating GLX_EXT_import_context GLX_SGIX_fbconfig GLX_SGIX_pbuffer GLX_SGI_video_sync GLX_SGI_swap_control GLX_EXT_swap_control GLX_EXT_swap_control_tear GLX_EXT_texture_from_pixmap GLX_EXT_buffer_age GLX_ARB_create_context GLX_ARB_create_context_profile GLX_EXT_create_context_es_profile GLX_EXT_create_context_es2_profile GLX_ARB_create_context_no_error GLX_ARB_create_context_robustness GLX_NV_delay_before_swap GLX_EXT_stereo_tree GLX_ARB_context_flush_control GLX_NV_robustness_video_memory_purge GLX_NV_multigpu_context GLX_ARB_multisample GLX_NV_float_buffer GLX_ARB_fbconfig_float GLX_EXT_framebuffer_sRGB GLX_NV_copy_image GLX_ARB_get_proc_address 
Renderer: GeForce GTX 750/PCIe/SSE2
Vendor:   NVIDIA Corporation
Version:  4.5.0 NVIDIA 460.80
GLES:     0
 GL_AMD_multi_draw_indirect GL_AMD_seamless_cubemap_per_texture GL_ARB_arrays_of_arrays GL_ARB_base_instance GL_ARB_bindless_texture GL_ARB_blend_func_extended GL_ARB_buffer_storage GL_ARB_clear_buffer_object GL_ARB_clear_texture GL_ARB_clip_control GL_ARB_color_buffer_float GL_ARB_compressed_texture_pixel_storage GL_ARB_conservative_depth GL_ARB_compute_shader GL_ARB_compute_variable_group_size GL_ARB_conditional_render_inverted GL_ARB_copy_buffer GL_ARB_copy_image GL_ARB_cull_distance GL_ARB_debug_output GL_ARB_depth_buffer_float GL_ARB_depth_clamp GL_ARB_depth_texture GL_ARB_derivative_control GL_ARB_direct_state_access GL_ARB_draw_buffers GL_ARB_draw_buffers_blend GL_ARB_draw_indirect GL_ARB_draw_elements_base_vertex GL_ARB_draw_instanced GL_ARB_enhanced_layouts GL_ARB_ES2_compatibility GL_ARB_ES3_compatibility GL_ARB_ES3_1_compatibility GL_ARB_ES3_2_compatibility GL_ARB_explicit_attrib_location GL_ARB_explicit_uniform_location GL_ARB_fragment_coord_conventions GL_ARB_fragment_layer_viewport GL_ARB_fragm
ent_program GL_ARB_fragment_program_shadow GL_ARB_fragment_shader GL_ARB_framebuffer_no_attachments GL_ARB_framebuffer_object GL_ARB_framebuffer_sRGB GL_ARB_geometry_shader4 GL_ARB_get_program_binary GL_ARB_get_texture_sub_image GL_ARB_gl_spirv GL_ARB_gpu_shader5 GL_ARB_gpu_shader_fp64 GL_ARB_gpu_shader_int64 GL_ARB_half_float_pixel GL_ARB_half_float_vertex GL_ARB_imaging GL_ARB_indirect_parameters GL_ARB_instanced_arrays GL_ARB_internalformat_query GL_ARB_internalformat_query2 GL_ARB_invalidate_subdata GL_ARB_map_buffer_alignment GL_ARB_map_buffer_range GL_ARB_multi_bind GL_ARB_multi_draw_indirect GL_ARB_multisample GL_ARB_multitexture GL_ARB_occlusion_query GL_ARB_occlusion_query2 GL_ARB_parallel_shader_compile GL_ARB_pipeline_statistics_query GL_ARB_pixel_buffer_object GL_ARB_point_parameters GL_ARB_point_sprite GL_ARB_polygon_offset_clamp GL_ARB_program_interface_query GL_ARB_provoking_vertex GL_ARB_query_buffer_object GL_ARB_robust_buffer_access_behavior GL_ARB_robustness GL_ARB_sample_shading GL_ARB_sa
mpler_objects GL_ARB_seamless_cube_map GL_ARB_seamless_cubemap_per_texture GL_ARB_separate_shader_objects GL_ARB_shader_atomic_counter_ops GL_ARB_shader_atomic_counters GL_ARB_shader_ballot GL_ARB_shader_bit_encoding GL_ARB_shader_clock GL_ARB_shader_draw_parameters GL_ARB_shader_group_vote GL_ARB_shader_image_load_store GL_ARB_shader_image_size GL_ARB_shader_objects GL_ARB_shader_precision GL_ARB_shader_storage_buffer_object GL_ARB_shader_subroutine GL_ARB_shader_texture_image_samples GL_ARB_shader_texture_lod GL_ARB_shading_language_100 GL_ARB_shading_language_420pack GL_ARB_shading_language_include GL_ARB_shading_language_packing GL_ARB_shadow GL_ARB_sparse_buffer GL_ARB_sparse_texture GL_ARB_spirv_extensions GL_ARB_stencil_texturing GL_ARB_sync GL_ARB_tessellation_shader GL_ARB_texture_barrier GL_ARB_texture_border_clamp GL_ARB_texture_buffer_object GL_ARB_texture_buffer_object_rgb32 GL_ARB_texture_buffer_range GL_ARB_texture_compression GL_ARB_texture_compression_bptc GL_ARB_texture_compression_rgtc GL_
ARB_texture_cube_map GL_ARB_texture_cube_map_array GL_ARB_texture_env_add GL_ARB_texture_env_combine GL_ARB_texture_env_crossbar GL_ARB_texture_env_dot3 GL_ARB_texture_filter_anisotropic GL_ARB_texture_float GL_ARB_texture_gather GL_ARB_texture_mirror_clamp_to_edge GL_ARB_texture_mirrored_repeat GL_ARB_texture_multisample GL_ARB_texture_non_power_of_two GL_ARB_texture_query_levels GL_ARB_texture_query_lod GL_ARB_texture_rectangle GL_ARB_texture_rg GL_ARB_texture_rgb10_a2ui GL_ARB_texture_stencil8 GL_ARB_texture_storage GL_ARB_texture_storage_multisample GL_ARB_texture_swizzle GL_ARB_texture_view GL_ARB_timer_query GL_ARB_transform_feedback2 GL_ARB_transform_feedback3 GL_ARB_transform_feedback_instanced GL_ARB_transform_feedback_overflow_query GL_ARB_transpose_matrix GL_ARB_uniform_buffer_object GL_ARB_vertex_array_bgra GL_ARB_vertex_array_object GL_ARB_vertex_attrib_64bit GL_ARB_vertex_attrib_binding GL_ARB_vertex_buffer_object GL_ARB_vertex_program GL_ARB_vertex_shader GL_ARB_vertex_type_10f_11f_11f_rev GL_
ARB_vertex_type_2_10_10_10_rev GL_ARB_viewport_array GL_ARB_window_pos GL_ATI_draw_buffers GL_ATI_texture_float GL_ATI_texture_mirror_once GL_S3_s3tc GL_EXT_texture_env_add GL_EXT_abgr GL_EXT_bgra GL_EXT_bindable_uniform GL_EXT_blend_color GL_EXT_blend_equation_separate GL_EXT_blend_func_separate GL_EXT_blend_minmax GL_EXT_blend_subtract GL_EXT_compiled_vertex_array GL_EXT_Cg_shader GL_EXT_depth_bounds_test GL_EXT_direct_state_access GL_EXT_draw_buffers2 GL_EXT_draw_instanced GL_EXT_draw_range_elements GL_EXT_fog_coord GL_EXT_framebuffer_blit GL_EXT_framebuffer_multisample GL_EXTX_framebuffer_mixed_formats GL_EXT_framebuffer_multisample_blit_scaled GL_EXT_framebuffer_object GL_EXT_framebuffer_sRGB GL_EXT_geometry_shader4 GL_EXT_gpu_program_parameters GL_EXT_gpu_shader4 GL_EXT_multi_draw_arrays GL_EXT_multiview_texture_multisample GL_EXT_multiview_timer_query GL_EXT_packed_depth_stencil GL_EXT_packed_float GL_EXT_packed_pixels GL_EXT_pixel_buffer_object GL_EXT_point_parameters GL_EXT_polygon_offset_clamp GL_E
XT_provoking_vertex GL_EXT_rescale_normal GL_EXT_secondary_color GL_EXT_separate_shader_objects GL_EXT_separate_specular_color GL_EXT_shader_image_load_formatted GL_EXT_shader_image_load_store GL_EXT_shader_integer_mix GL_EXT_shadow_funcs GL_EXT_stencil_two_side GL_EXT_stencil_wrap GL_EXT_texture3D GL_EXT_texture_array GL_EXT_texture_buffer_object GL_EXT_texture_compression_dxt1 GL_EXT_texture_compression_latc GL_EXT_texture_compression_rgtc GL_EXT_texture_compression_s3tc GL_EXT_texture_cube_map GL_EXT_texture_edge_clamp GL_EXT_texture_env_combine GL_EXT_texture_env_dot3 GL_EXT_texture_filter_anisotropic GL_EXT_texture_integer GL_EXT_texture_lod GL_EXT_texture_lod_bias GL_EXT_texture_mirror_clamp GL_EXT_texture_object GL_EXT_texture_shadow_lod GL_EXT_texture_shared_exponent GL_EXT_texture_sRGB GL_EXT_texture_sRGB_R8 GL_EXT_texture_sRGB_decode GL_EXT_texture_storage GL_EXT_texture_swizzle GL_EXT_timer_query GL_EXT_transform_feedback2 GL_EXT_vertex_array GL_EXT_vertex_array_bgra GL_EXT_vertex_attrib_64bit GL_
EXT_window_rectangles GL_EXT_x11_sync_object GL_EXT_import_sync_object GL_NV_robustness_video_memory_purge GL_IBM_rasterpos_clip GL_IBM_texture_mirrored_repeat GL_KHR_context_flush_control GL_KHR_debug GL_EXT_memory_object GL_EXT_memory_object_fd GL_KHR_parallel_shader_compile GL_KHR_no_error GL_KHR_robust_buffer_access_behavior GL_KHR_robustness GL_EXT_semaphore GL_EXT_semaphore_fd GL_NV_timeline_semaphore GL_KHR_shader_subgroup GL_KTX_buffer_region GL_NV_alpha_to_coverage_dither_control GL_NV_bindless_multi_draw_indirect GL_NV_bindless_multi_draw_indirect_count GL_NV_bindless_texture GL_NV_blend_equation_advanced GL_NV_blend_equation_advanced_coherent GL_NV_blend_minmax_factor GL_NV_blend_square GL_NV_command_list GL_NV_compute_program5 GL_NV_conditional_render GL_NV_copy_depth_to_color GL_NV_copy_image GL_NV_depth_buffer_float GL_NV_depth_clamp GL_NV_draw_texture GL_NV_draw_vulkan_image GL_NV_ES1_1_compatibility GL_NV_ES3_1_compatibility GL_NV_explicit_multisample GL_NV_feature_query GL_NV_fence GL_NV_flo
at_buffer GL_NV_fog_distance GL_NV_fragment_program GL_NV_fragment_program_option GL_NV_fragment_program2 GL_NV_framebuffer_multisample_coverage GL_NV_geometry_shader4 GL_NV_gpu_program4 GL_NV_internalformat_sample_query GL_NV_gpu_program4_1 GL_NV_gpu_program5 GL_NV_gpu_program5_mem_extended GL_NV_gpu_program_fp64 GL_NV_gpu_shader5 GL_NV_half_float GL_NV_light_max_exponent GL_NV_multisample_coverage GL_NV_multisample_filter_hint GL_NV_occlusion_query GL_NV_packed_depth_stencil GL_NV_parameter_buffer_object GL_NV_parameter_buffer_object2 GL_NV_path_rendering GL_NV_pixel_data_range GL_NV_point_sprite GL_NV_primitive_restart GL_NV_query_resource GL_NV_query_resource_tag GL_NV_register_combiners GL_NV_register_combiners2 GL_NV_shader_atomic_counters GL_NV_shader_atomic_float GL_NV_shader_atomic_int64 GL_NV_shader_buffer_load GL_NV_shader_storage_buffer_object GL_NV_shader_subgroup_partitioned GL_NV_texgen_reflection GL_NV_texture_barrier GL_NV_texture_compression_vtc GL_NV_texture_env_combine4 GL_NV_texture_mult
isample GL_NV_texture_rectangle GL_NV_texture_rectangle_compressed GL_NV_texture_shader GL_NV_texture_shader2 GL_NV_texture_shader3 GL_NV_transform_feedback GL_NV_transform_feedback2 GL_NV_uniform_buffer_unified_memory GL_NV_vdpau_interop GL_NV_vdpau_interop2 GL_NV_vertex_array_range GL_NV_vertex_array_range2 GL_NV_vertex_attrib_integer_64bit GL_NV_vertex_buffer_unified_memory GL_NV_vertex_program GL_NV_vertex_program1_1 GL_NV_vertex_program2 GL_NV_vertex_program2_option GL_NV_vertex_program3 GL_NVX_conditional_render GL_NV_gpu_multicast GL_NVX_progress_fence GL_NVX_gpu_memory_info GL_NVX_nvenc_interop GL_NV_shader_thread_group GL_NV_shader_thread_shuffle GL_KHR_blend_equation_advanced GL_KHR_blend_equation_advanced_coherent GL_OVR_multiview GL_OVR_multiview2 GL_SGIS_generate_mipmap GL_SGIS_texture_lod GL_SGIX_depth_texture GL_SGIX_shadow GL_SUN_slice_accum
OPENGL LOG: Creating OpenGL 4.5 graphics device ; Context level  <OpenGL 4.5> ; Context handle 966266168
Initialize mono
Mono path[0] = '/home/tropot/Unity/Hub/Editor/2020.3.4f1/Editor/Data/Managed'
Mono path[1] = '/home/tropot/Unity/Hub/Editor/2020.3.4f1/Editor/Data/MonoBleedingEdge/lib/mono/unityjit'
Mono config path = '/home/tropot/Unity/Hub/Editor/2020.3.4f1/Editor/Data/MonoBleedingEdge/etc'
Using monoOptions --debugger-agent=transport=dt_socket,embedding=1,server=y,suspend=n,address=127.0.0.1:56092
Begin MonoManager ReloadAssembly
Registering precompiled unity dll's ...
Register platform support module: /home/tropot/Unity/Hub/Editor/2020.3.4f1/Editor/Data/PlaybackEngines/WebGLSupport/UnityEditor.WebGL.Extensions.dll
Register platform support module: /home/tropot/Unity/Hub/Editor/2020.3.4f1/Editor/Data/PlaybackEngines/LinuxStandaloneSupport/UnityEditor.LinuxStandalone.Extensions.dll
Registered in 0.004449 seconds.
Native extension for LinuxStandalone target not found
Native extension for WebGL target not found
Refreshing native plugins compatible for Editor in 122.62 ms, found 1 plugins.
Preloading 0 native plugins for Editor in 0.00 ms.
Mono: successfully reloaded assembly
- Completed reload, in  5.154 seconds
Platform modules already initialized, skipping
Registering precompiled user dll's ...
Registered in 0.002301 seconds.
Begin MonoManager ReloadAssembly
Native extension for LinuxStandalone target not found
Native extension for WebGL target not found
Refreshing native plugins compatible for Editor in 118.86 ms, found 1 plugins.
Preloading 0 native plugins for Editor in 0.00 ms.
Mono: successfully reloaded assembly
- Completed reload, in  3.036 seconds
Platform modules already initialized, skipping
========================================================================
Worker process is ready to serve import requests
Launched and connected shader compiler UnityShaderCompiler after 0.15 seconds
Refreshing native plugins compatible for Editor in 1.35 ms, found 1 plugins.
Preloading 0 native plugins for Editor in 0.00 ms.
Unloading 1903 Unused Serialized files (Serialized files now loaded: 0)
System memory in use before: 82.3 MB.
System memory in use after: 82.2 MB.

Unloading 24 unused Assets to reduce memory usage. Loaded Objects now: 2348.
Total: 20.442030 ms (FindLiveObjects: 0.819951 ms CreateObjectMapping: 0.456702 ms MarkObjects: 18.425207 ms  DeleteObjects: 0.734381 ms)

========================================================================
Received Import Request.
  path: Assets/Prefabs/Ui/Mini/MiniAButton.prefab
  artifactKey: Guid(c7e2fe1a325ee53d985125ac41bfe88f) Importer(815301076,1909f56bfc062723c751e8b465ee728b)
Start importing Assets/Prefabs/Ui/Mini/MiniAButton.prefab using Guid(c7e2fe1a325ee53d985125ac41bfe88f) Importer(815301076,1909f56bfc062723c751e8b465ee728b)  -> (artifact id: '69bf0187a286bd7497895aedefa193a0') in 0.155628 seconds
  Import took 0.182708 seconds .

========================================================================
Received Import Request.
  Time since last request: 360.196030 seconds.
  path: Assets/Prefabs/Ui/Mini/MiniThing.prefab
  artifactKey: Guid(bcc7d1c294662a7a3ba421ac71716262) Importer(815301076,1909f56bfc062723c751e8b465ee728b)
Start importing Assets/Prefabs/Ui/Mini/MiniThing.prefab using Guid(bcc7d1c294662a7a3ba421ac71716262) Importer(815301076,1909f56bfc062723c751e8b465ee728b)  -> (artifact id: '11ca1d898839549ac021e97620b60021') in 0.007865 seconds
  Import took 0.014310 seconds .

========================================================================
Received Import Request.
  Time since last request: 0.004294 seconds.
  path: Assets/Prefabs/Ui/Mini/MiniThing.prefab
  artifactKey: Guid(bcc7d1c294662a7a3ba421ac71716262) Importer(815301076,1909f56bfc062723c751e8b465ee728b)
Start importing Assets/Prefabs/Ui/Mini/MiniThing.prefab using Guid(bcc7d1c294662a7a3ba421ac71716262) Importer(815301076,1909f56bfc062723c751e8b465ee728b)  -> (artifact id: '11ca1d898839549ac021e97620b60021') in 0.006226 seconds
  Import took 0.015056 seconds .

========================================================================
Received Import Request.
  Time since last request: 16.297490 seconds.
  path: Assets/Prefabs/Ui/Mini/MiniAButton.prefab
  artifactKey: Guid(c7e2fe1a325ee53d985125ac41bfe88f) Importer(815301076,1909f56bfc062723c751e8b465ee728b)
Start importing Assets/Prefabs/Ui/Mini/MiniAButton.prefab using Guid(c7e2fe1a325ee53d985125ac41bfe88f) Importer(815301076,1909f56bfc062723c751e8b465ee728b)  -> (artifact id: '89cb8aa06dfb176746a888567dd92f7a') in 0.005713 seconds
  Import took 0.015006 seconds .

========================================================================
Received Import Request.
  Time since last request: 0.005054 seconds.
  path: Assets/Prefabs/Ui/Mini/MiniAButton.prefab
  artifactKey: Guid(c7e2fe1a325ee53d985125ac41bfe88f) Importer(815301076,1909f56bfc062723c751e8b465ee728b)
Start importing Assets/Prefabs/Ui/Mini/MiniAButton.prefab using Guid(c7e2fe1a325ee53d985125ac41bfe88f) Importer(815301076,1909f56bfc062723c751e8b465ee728b)  -> (artifact id: '89cb8aa06dfb176746a888567dd92f7a') in 0.006126 seconds
  Import took 0.012311 seconds .

========================================================================
Received Import Request.
  Time since last request: 46.678377 seconds.
  path: Assets/Prefabs/Ui/Mini/MiniLButton.prefab
  artifactKey: Guid(78999d862536622dd8a6bb39163b0f11) Importer(815301076,1909f56bfc062723c751e8b465ee728b)
Start importing Assets/Prefabs/Ui/Mini/MiniLButton.prefab using Guid(78999d862536622dd8a6bb39163b0f11) Importer(815301076,1909f56bfc062723c751e8b465ee728b)  -> (artifact id: 'eb20d9ef6f5b3701da52bbf4ad61b58f') in 0.006511 seconds
  Import took 0.012376 seconds .

========================================================================
Received Import Request.
  Time since last request: 0.012236 seconds.
  path: Assets/Prefabs/Ui/Mini/MiniLButton.prefab
  artifactKey: Guid(78999d862536622dd8a6bb39163b0f11) Importer(815301076,1909f56bfc062723c751e8b465ee728b)
Start importing Assets/Prefabs/Ui/Mini/MiniLButton.prefab using Guid(78999d862536622dd8a6bb39163b0f11) Importer(815301076,1909f56bfc062723c751e8b465ee728b)  -> (artifact id: 'eb20d9ef6f5b3701da52bbf4ad61b58f') in 0.006301 seconds
  Import took 0.014476 seconds .

========================================================================
Received Import Request.
  Time since last request: 6.795976 seconds.
  path: Assets/Prefabs/Ui/Mini/MiniRButoon.prefab
  artifactKey: Guid(3217ba41b335ab8c98d43b24f0b50d62) Importer(815301076,1909f56bfc062723c751e8b465ee728b)
Start importing Assets/Prefabs/Ui/Mini/MiniRButoon.prefab using Guid(3217ba41b335ab8c98d43b24f0b50d62) Importer(815301076,1909f56bfc062723c751e8b465ee728b)  -> (artifact id: '935bc0c3ca40df1bd8ccf400ed9bf2b6') in 0.006554 seconds
  Import took 0.013363 seconds .

========================================================================
Received Import Request.
  Time since last request: 0.015251 seconds.
  path: Assets/Prefabs/Ui/Mini/MiniRButoon.prefab
  artifactKey: Guid(3217ba41b335ab8c98d43b24f0b50d62) Importer(815301076,1909f56bfc062723c751e8b465ee728b)
Start importing Assets/Prefabs/Ui/Mini/MiniRButoon.prefab using Guid(3217ba41b335ab8c98d43b24f0b50d62) Importer(815301076,1909f56bfc062723c751e8b465ee728b)  -> (artifact id: '935bc0c3ca40df1bd8ccf400ed9bf2b6') in 0.006490 seconds
  Import took 0.014464 seconds .

========================================================================
Received Prepare
Registering precompiled user dll's ...
Registered in 0.002232 seconds.
Begin MonoManager ReloadAssembly
Native extension for LinuxStandalone target not found
Native extension for WebGL target not found
Refreshing native plugins compatible for Editor in 1.14 ms, found 1 plugins.
Preloading 0 native plugins for Editor in 0.00 ms.
Mono: successfully reloaded assembly
- Completed reload, in  2.509 seconds
Platform modules already initialized, skipping
Switching build target platform(24) subTarget(0) extendedPlatform(0) -> platform(13) subTarget(537395200) extendedPlatform(0)
Refreshing native plugins compatible for Editor in 1.00 ms, found 1 plugins.
Preloading 0 native plugins for Editor in 0.00 ms.
Unloading 1900 Unused Serialized files (Serialized files now loaded: 0)
System memory in use before: 82.2 MB.
System memory in use after: 82.2 MB.

Unloading 12 unused Assets to reduce memory usage. Loaded Objects now: 2352.
Total: 8.083034 ms (FindLiveObjects: 0.563958 ms CreateObjectMapping: 0.121363 ms MarkObjects: 6.881562 ms  DeleteObjects: 0.511624 ms)

AssetImportParameters requested are different than current active one (requested -> active):
  custom:graphics/normal-map-encoding: 01000000000000000000000000000000 -> 02000000000000000000000000000000
========================================================================
Received Import Request.
  Time since last request: 327.041880 seconds.
  path: Assets/Prefabs/Ui/Mini/MiniAButton.prefab
  artifactKey: Guid(c7e2fe1a325ee53d985125ac41bfe88f) Importer(815301076,1909f56bfc062723c751e8b465ee728b)
Start importing Assets/Prefabs/Ui/Mini/MiniAButton.prefab using Guid(c7e2fe1a325ee53d985125ac41bfe88f) Importer(815301076,1909f56bfc062723c751e8b465ee728b)  -> (artifact id: 'c0c97e23f6587f7ebcf6783a3677394a') in 0.104438 seconds
  Import took 0.128866 seconds .

========================================================================
Received Import Request.
  Time since last request: 22.643944 seconds.
  path: Assets/Prefabs/Ui/Mini/MiniFOneButton.prefab
  artifactKey: Guid(5aa546ee2f1519b8ebee1a0d7318ef54) Importer(815301076,1909f56bfc062723c751e8b465ee728b)
Start importing Assets/Prefabs/Ui/Mini/MiniFOneButton.prefab using Guid(5aa546ee2f1519b8ebee1a0d7318ef54) Importer(815301076,1909f56bfc062723c751e8b465ee728b)  -> (artifact id: 'fe0ab35ea04cf23d05670383e1d756dd') in 0.008802 seconds
  Import took 0.017918 seconds .

========================================================================
Received Import Request.
  Time since last request: 0.012153 seconds.
  path: Assets/Prefabs/Ui/Mini/MiniFOneButton.prefab
  artifactKey: Guid(5aa546ee2f1519b8ebee1a0d7318ef54) Importer(815301076,1909f56bfc062723c751e8b465ee728b)
Start importing Assets/Prefabs/Ui/Mini/MiniFOneButton.prefab using Guid(5aa546ee2f1519b8ebee1a0d7318ef54) Importer(815301076,1909f56bfc062723c751e8b465ee728b)  -> (artifact id: 'fe0ab35ea04cf23d05670383e1d756dd') in 0.007329 seconds
  Import took 0.014897 seconds .

========================================================================
Received Import Request.
  Time since last request: 5.549732 seconds.
  path: Assets/Prefabs/Ui/Mini/MiniFTwoButton .prefab
  artifactKey: Guid(743093d8300dc609c951768c148421dc) Importer(815301076,1909f56bfc062723c751e8b465ee728b)
Start importing Assets/Prefabs/Ui/Mini/MiniFTwoButton .prefab using Guid(743093d8300dc609c951768c148421dc) Importer(815301076,1909f56bfc062723c751e8b465ee728b)  -> (artifact id: '54bf8f7829269d7a9417ecdd68f4859d') in 0.006653 seconds
  Import took 0.012930 seconds .

========================================================================
Received Import Request.
  Time since last request: 0.018660 seconds.
  path: Assets/Prefabs/Ui/Mini/MiniFTwoButton .prefab
  artifactKey: Guid(743093d8300dc609c951768c148421dc) Importer(815301076,1909f56bfc062723c751e8b465ee728b)
Start importing Assets/Prefabs/Ui/Mini/MiniFTwoButton .prefab using Guid(743093d8300dc609c951768c148421dc) Importer(815301076,1909f56bfc062723c751e8b465ee728b)  -> (artifact id: '54bf8f7829269d7a9417ecdd68f4859d') in 0.006839 seconds
  Import took 0.014309 seconds .

========================================================================
Received Import Request.
  Time since last request: 4.761055 seconds.
  path: Assets/Prefabs/Ui/Mini/MiniLButton.prefab
  artifactKey: Guid(78999d862536622dd8a6bb39163b0f11) Importer(815301076,1909f56bfc062723c751e8b465ee728b)
Start importing Assets/Prefabs/Ui/Mini/MiniLButton.prefab using Guid(78999d862536622dd8a6bb39163b0f11) Importer(815301076,1909f56bfc062723c751e8b465ee728b)  -> (artifact id: '931904776e27a80d7611651c3f21faf6') in 0.009027 seconds
  Import took 0.016350 seconds .

========================================================================
Received Import Request.
  Time since last request: 0.019160 seconds.
  path: Assets/Prefabs/Ui/Mini/MiniLButton.prefab
  artifactKey: Guid(78999d862536622dd8a6bb39163b0f11) Importer(815301076,1909f56bfc062723c751e8b465ee728b)
Start importing Assets/Prefabs/Ui/Mini/MiniLButton.prefab using Guid(78999d862536622dd8a6bb39163b0f11) Importer(815301076,1909f56bfc062723c751e8b465ee728b)  -> (artifact id: '931904776e27a80d7611651c3f21faf6') in 0.008027 seconds
  Import took 0.014698 seconds .

========================================================================
Received Import Request.
  Time since last request: 36.567093 seconds.
  path: Assets/Prefabs/Ui/Mini/MiniMButton.prefab
  artifactKey: Guid(3dc68498928c82cc5af68d0de98bc315) Importer(815301076,1909f56bfc062723c751e8b465ee728b)
Start importing Assets/Prefabs/Ui/Mini/MiniMButton.prefab using Guid(3dc68498928c82cc5af68d0de98bc315) Importer(815301076,1909f56bfc062723c751e8b465ee728b)  -> (artifact id: '7a5971ef72a2892a4daae3acda571a29') in 0.007173 seconds
  Import took 0.013378 seconds .

========================================================================
Received Import Request.
  Time since last request: 0.011459 seconds.
  path: Assets/Prefabs/Ui/Mini/MiniMButton.prefab
  artifactKey: Guid(3dc68498928c82cc5af68d0de98bc315) Importer(815301076,1909f56bfc062723c751e8b465ee728b)
Start importing Assets/Prefabs/Ui/Mini/MiniMButton.prefab using Guid(3dc68498928c82cc5af68d0de98bc315) Importer(815301076,1909f56bfc062723c751e8b465ee728b)  -> (artifact id: '7a5971ef72a2892a4daae3acda571a29') in 0.005637 seconds
  Import took 0.012183 seconds .

========================================================================
Received Import Request.
  Time since last request: 6.308739 seconds.
  path: Assets/Prefabs/Ui/Mini/MiniRButoon.prefab
  artifactKey: Guid(3217ba41b335ab8c98d43b24f0b50d62) Importer(815301076,1909f56bfc062723c751e8b465ee728b)
Start importing Assets/Prefabs/Ui/Mini/MiniRButoon.prefab using Guid(3217ba41b335ab8c98d43b24f0b50d62) Importer(815301076,1909f56bfc062723c751e8b465ee728b)  -> (artifact id: 'fa1bb72e22df2d6054d37f02eff2afcd') in 0.007177 seconds
  Import took 0.014264 seconds .

========================================================================
Received Import Request.
  Time since last request: 0.008471 seconds.
  path: Assets/Prefabs/Ui/Mini/MiniRButoon.prefab
  artifactKey: Guid(3217ba41b335ab8c98d43b24f0b50d62) Importer(815301076,1909f56bfc062723c751e8b465ee728b)
Start importing Assets/Prefabs/Ui/Mini/MiniRButoon.prefab using Guid(3217ba41b335ab8c98d43b24f0b50d62) Importer(815301076,1909f56bfc062723c751e8b465ee728b)  -> (artifact id: 'fa1bb72e22df2d6054d37f02eff2afcd') in 0.007369 seconds
  Import took 0.016989 seconds .

========================================================================
Received Prepare
Registering precompiled user dll's ...
Registered in 0.002023 seconds.
Begin MonoManager ReloadAssembly
Native extension for LinuxStandalone target not found
Native extension for WebGL target not found
Refreshing native plugins compatible for Editor in 1.05 ms, found 1 plugins.
Preloading 0 native plugins for Editor in 0.00 ms.
Mono: successfully reloaded assembly
- Completed reload, in  2.711 seconds
Platform modules already initialized, skipping
Switching build target platform(24) subTarget(0) extendedPlatform(0) -> platform(13) subTarget(537395200) extendedPlatform(0)
Refreshing native plugins compatible for Editor in 1.00 ms, found 1 plugins.
Preloading 0 native plugins for Editor in 0.00 ms.
Unloading 1900 Unused Serialized files (Serialized files now loaded: 0)
System memory in use before: 82.7 MB.
System memory in use after: 82.7 MB.

Unloading 12 unused Assets to reduce memory usage. Loaded Objects now: 2356.
Total: 7.624333 ms (FindLiveObjects: 0.501598 ms CreateObjectMapping: 0.136562 ms MarkObjects: 6.676549 ms  DeleteObjects: 0.305686 ms)

AssetImportParameters requested are different than current active one (requested -> active):
  custom:graphics/normal-map-encoding: 01000000000000000000000000000000 -> 02000000000000000000000000000000
========================================================================
Received Prepare
Registering precompiled user dll's ...
Registered in 0.002632 seconds.
Begin MonoManager ReloadAssembly
Native extension for LinuxStandalone target not found
Native extension for WebGL target not found
Refreshing native plugins compatible for Editor in 1.20 ms, found 1 plugins.
Preloading 0 native plugins for Editor in 0.00 ms.
Mono: successfully reloaded assembly
- Completed reload, in  2.433 seconds
Platform modules already initialized, skipping
Switching build target platform(24) subTarget(0) extendedPlatform(0) -> platform(13) subTarget(537395200) extendedPlatform(0)
Refreshing native plugins compatible for Editor in 1.02 ms, found 1 plugins.
Preloading 0 native plugins for Editor in 0.00 ms.
Unloading 1900 Unused Serialized files (Serialized files now loaded: 0)
System memory in use before: 82.7 MB.
System memory in use after: 82.7 MB.

Unloading 12 unused Assets to reduce memory usage. Loaded Objects now: 2360.
Total: 10.879604 ms (FindLiveObjects: 0.559361 ms CreateObjectMapping: 0.138587 ms MarkObjects: 9.801560 ms  DeleteObjects: 0.375888 ms)

AssetImportParameters requested are different than current active one (requested -> active):
  custom:graphics/normal-map-encoding: 01000000000000000000000000000000 -> 02000000000000000000000000000000
========================================================================
Received Prepare
Registering precompiled user dll's ...
Registered in 0.002015 seconds.
Begin MonoManager ReloadAssembly
Native extension for LinuxStandalone target not found
Native extension for WebGL target not found
Refreshing native plugins compatible for Editor in 0.89 ms, found 1 plugins.
Preloading 0 native plugins for Editor in 0.00 ms.
Mono: successfully reloaded assembly
- Completed reload, in  2.408 seconds
Platform modules already initialized, skipping
Switching build target platform(24) subTarget(0) extendedPlatform(0) -> platform(13) subTarget(537395200) extendedPlatform(0)
Refreshing native plugins compatible for Editor in 1.01 ms, found 1 plugins.
Preloading 0 native plugins for Editor in 0.00 ms.
Unloading 1900 Unused Serialized files (Serialized files now loaded: 0)
System memory in use before: 82.8 MB.
System memory in use after: 82.7 MB.

Unloading 12 unused Assets to reduce memory usage. Loaded Objects now: 2364.
Total: 5.620662 ms (FindLiveObjects: 0.464186 ms CreateObjectMapping: 0.096957 ms MarkObjects: 4.761197 ms  DeleteObjects: 0.295747 ms)

AssetImportParameters requested are different than current active one (requested -> active):
  custom:graphics/normal-map-encoding: 01000000000000000000000000000000 -> 02000000000000000000000000000000
========================================================================
Received Prepare
Registering precompiled user dll's ...
Registered in 0.002357 seconds.
Begin MonoManager ReloadAssembly
Native extension for LinuxStandalone target not found
Native extension for WebGL target not found
Refreshing native plugins compatible for Editor in 1.18 ms, found 1 plugins.
Preloading 0 native plugins for Editor in 0.00 ms.
Mono: successfully reloaded assembly
- Completed reload, in  2.476 seconds
Platform modules already initialized, skipping
Switching build target platform(24) subTarget(0) extendedPlatform(0) -> platform(13) subTarget(537395200) extendedPlatform(0)
Refreshing native plugins compatible for Editor in 1.14 ms, found 1 plugins.
Preloading 0 native plugins for Editor in 0.00 ms.
Unloading 1900 Unused Serialized files (Serialized files now loaded: 0)
System memory in use before: 82.8 MB.
System memory in use after: 82.8 MB.

Unloading 12 unused Assets to reduce memory usage. Loaded Objects now: 2368.
Total: 14.514292 ms (FindLiveObjects: 0.853114 ms CreateObjectMapping: 0.145977 ms MarkObjects: 10.002719 ms  DeleteObjects: 3.508236 ms)

AssetImportParameters requested are different than current active one (requested -> active):
  custom:graphics/normal-map-encoding: 01000000000000000000000000000000 -> 02000000000000000000000000000000
========================================================================
Received Prepare
Registering precompiled user dll's ...
Registered in 0.002360 seconds.
Begin MonoManager ReloadAssembly
Native extension for LinuxStandalone target not found
Native extension for WebGL target not found
Refreshing native plugins compatible for Editor in 1.23 ms, found 1 plugins.
Preloading 0 native plugins for Editor in 0.00 ms.
Mono: successfully reloaded assembly
- Completed reload, in  2.613 seconds
Platform modules already initialized, skipping
Switching build target platform(24) subTarget(0) extendedPlatform(0) -> platform(13) subTarget(537395200) extendedPlatform(0)
Refreshing native plugins compatible for Editor in 0.94 ms, found 1 plugins.
Preloading 0 native plugins for Editor in 0.00 ms.
Unloading 1900 Unused Serialized files (Serialized files now loaded: 0)
System memory in use before: 82.8 MB.
System memory in use after: 82.8 MB.

Unloading 12 unused Assets to reduce memory usage. Loaded Objects now: 2372.
Total: 6.233256 ms (FindLiveObjects: 0.417184 ms CreateObjectMapping: 0.098868 ms MarkObjects: 5.212378 ms  DeleteObjects: 0.502092 ms)

AssetImportParameters requested are different than current active one (requested -> active):
  custom:graphics/normal-map-encoding: 01000000000000000000000000000000 -> 02000000000000000000000000000000
========================================================================
Received Prepare
Registering precompiled user dll's ...
Registered in 0.002413 seconds.
Begin MonoManager ReloadAssembly
Native extension for LinuxStandalone target not found
Native extension for WebGL target not found
Refreshing native plugins compatible for Editor in 1.05 ms, found 1 plugins.
Preloading 0 native plugins for Editor in 0.00 ms.
Mono: successfully reloaded assembly
- Completed reload, in  2.494 seconds
Platform modules already initialized, skipping
Switching build target platform(24) subTarget(0) extendedPlatform(0) -> platform(13) subTarget(537395200) extendedPlatform(0)
Refreshing native plugins compatible for Editor in 0.92 ms, found 1 plugins.
Preloading 0 native plugins for Editor in 0.00 ms.
Unloading 1900 Unused Serialized files (Serialized files now loaded: 0)
System memory in use before: 82.8 MB.
System memory in use after: 82.8 MB.

Unloading 12 unused Assets to reduce memory usage. Loaded Objects now: 2376.
Total: 6.130301 ms (FindLiveObjects: 0.438089 ms CreateObjectMapping: 0.121170 ms MarkObjects: 5.250234 ms  DeleteObjects: 0.317310 ms)

AssetImportParameters requested are different than current active one (requested -> active):
  custom:graphics/normal-map-encoding: 01000000000000000000000000000000 -> 02000000000000000000000000000000
========================================================================
Received Prepare
Registering precompiled user dll's ...
Registered in 0.002184 seconds.
Begin MonoManager ReloadAssembly
Native extension for LinuxStandalone target not found
Native extension for WebGL target not found
Refreshing native plugins compatible for Editor in 1.11 ms, found 1 plugins.
Preloading 0 native plugins for Editor in 0.00 ms.
Mono: successfully reloaded assembly
- Completed reload, in  2.475 seconds
Platform modules already initialized, skipping
Switching build target platform(24) subTarget(0) extendedPlatform(0) -> platform(13) subTarget(537395200) extendedPlatform(0)
Refreshing native plugins compatible for Editor in 1.03 ms, found 1 plugins.
Preloading 0 native plugins for Editor in 0.00 ms.
Unloading 1900 Unused Serialized files (Serialized files now loaded: 0)
System memory in use before: 82.8 MB.
System memory in use after: 82.8 MB.

Unloading 12 unused Assets to reduce memory usage. Loaded Objects now: 2380.
Total: 7.560624 ms (FindLiveObjects: 0.472918 ms CreateObjectMapping: 0.113253 ms MarkObjects: 6.615648 ms  DeleteObjects: 0.355328 ms)

AssetImportParameters requested are different than current active one (requested -> active):
  custom:graphics/normal-map-encoding: 01000000000000000000000000000000 -> 02000000000000000000000000000000
========================================================================
Received Prepare
Registering precompiled user dll's ...
Registered in 0.001948 seconds.
Begin MonoManager ReloadAssembly
Native extension for LinuxStandalone target not found
Native extension for WebGL target not found
Refreshing native plugins compatible for Editor in 0.95 ms, found 1 plugins.
Preloading 0 native plugins for Editor in 0.00 ms.
Mono: successfully reloaded assembly
- Completed reload, in  2.529 seconds
Platform modules already initialized, skipping
Switching build target platform(24) subTarget(0) extendedPlatform(0) -> platform(13) subTarget(537395200) extendedPlatform(0)
Refreshing native plugins compatible for Editor in 1.09 ms, found 1 plugins.
Preloading 0 native plugins for Editor in 0.00 ms.
Unloading 1900 Unused Serialized files (Serialized files now loaded: 0)
System memory in use before: 82.8 MB.
System memory in use after: 82.8 MB.

Unloading 12 unused Assets to reduce memory usage. Loaded Objects now: 2384.
Total: 8.076667 ms (FindLiveObjects: 0.565755 ms CreateObjectMapping: 0.156080 ms MarkObjects: 6.944566 ms  DeleteObjects: 0.405144 ms)

AssetImportParameters requested are different than current active one (requested -> active):
  custom:graphics/normal-map-encoding: 01000000000000000000000000000000 -> 02000000000000000000000000000000
========================================================================
Received Prepare
Registering precompiled user dll's ...
Registered in 0.002414 seconds.
Begin MonoManager ReloadAssembly
Native extension for LinuxStandalone target not found
Native extension for WebGL target not found
Refreshing native plugins compatible for Editor in 1.30 ms, found 1 plugins.
Preloading 0 native plugins for Editor in 0.00 ms.
Mono: successfully reloaded assembly
- Completed reload, in  2.702 seconds
Platform modules already initialized, skipping
Switching build target platform(24) subTarget(0) extendedPlatform(0) -> platform(13) subTarget(537395200) extendedPlatform(0)
Refreshing native plugins compatible for Editor in 1.00 ms, found 1 plugins.
Preloading 0 native plugins for Editor in 0.00 ms.
Unloading 1900 Unused Serialized files (Serialized files now loaded: 0)
System memory in use before: 82.8 MB.
System memory in use after: 82.8 MB.

Unloading 12 unused Assets to reduce memory usage. Loaded Objects now: 2388.
Total: 6.870284 ms (FindLiveObjects: 0.548384 ms CreateObjectMapping: 0.141952 ms MarkObjects: 5.793400 ms  DeleteObjects: 0.382204 ms)

AssetImportParameters requested are different than current active one (requested -> active):
  custom:graphics/normal-map-encoding: 01000000000000000000000000000000 -> 02000000000000000000000000000000
========================================================================
Received Prepare
Registering precompiled user dll's ...
Registered in 0.001672 seconds.
Begin MonoManager ReloadAssembly
Native extension for LinuxStandalone target not found
Native extension for WebGL target not found
Refreshing native plugins compatible for Editor in 0.89 ms, found 1 plugins.
Preloading 0 native plugins for Editor in 0.00 ms.
Mono: successfully reloaded assembly
- Completed reload, in  2.251 seconds
Platform modules already initialized, skipping
Switching build target platform(24) subTarget(0) extendedPlatform(0) -> platform(13) subTarget(537395200) extendedPlatform(0)
Refreshing native plugins compatible for Editor in 0.97 ms, found 1 plugins.
Preloading 0 native plugins for Editor in 0.00 ms.
Unloading 1900 Unused Serialized files (Serialized files now loaded: 0)
System memory in use before: 82.8 MB.
System memory in use after: 82.8 MB.

Unloading 12 unused Assets to reduce memory usage. Loaded Objects now: 2392.
Total: 7.702181 ms (FindLiveObjects: 0.589408 ms CreateObjectMapping: 0.128576 ms MarkObjects: 6.622978 ms  DeleteObjects: 0.357205 ms)

AssetImportParameters requested are different than current active one (requested -> active):
  custom:graphics/normal-map-encoding: 01000000000000000000000000000000 -> 02000000000000000000000000000000
========================================================================
Received Prepare
Registering precompiled user dll's ...
Registered in 0.002221 seconds.
Begin MonoManager ReloadAssembly
Native extension for LinuxStandalone target not found
Native extension for WebGL target not found
Refreshing native plugins compatible for Editor in 1.06 ms, found 1 plugins.
Preloading 0 native plugins for Editor in 0.00 ms.
Mono: successfully reloaded assembly
- Completed reload, in  2.280 seconds
Platform modules already initialized, skipping
Switching build target platform(24) subTarget(0) extendedPlatform(0) -> platform(13) subTarget(537395200) extendedPlatform(0)
Refreshing native plugins compatible for Editor in 1.06 ms, found 1 plugins.
Preloading 0 native plugins for Editor in 0.00 ms.
Unloading 1900 Unused Serialized files (Serialized files now loaded: 0)
System memory in use before: 82.8 MB.
System memory in use after: 82.8 MB.

Unloading 12 unused Assets to reduce memory usage. Loaded Objects now: 2396.
Total: 5.815281 ms (FindLiveObjects: 0.551833 ms CreateObjectMapping: 0.122407 ms MarkObjects: 4.825877 ms  DeleteObjects: 0.311109 ms)

AssetImportParameters requested are different than current active one (requested -> active):
  custom:graphics/normal-map-encoding: 01000000000000000000000000000000 -> 02000000000000000000000000000000
========================================================================
Received Prepare
Registering precompiled user dll's ...
Registered in 0.001985 seconds.
Begin MonoManager ReloadAssembly
Native extension for LinuxStandalone target not found
Native extension for WebGL target not found
Refreshing native plugins compatible for Editor in 1.15 ms, found 1 plugins.
Preloading 0 native plugins for Editor in 0.00 ms.
Mono: successfully reloaded assembly
- Completed reload, in  2.301 seconds
Platform modules already initialized, skipping
Switching build target platform(24) subTarget(0) extendedPlatform(0) -> platform(13) subTarget(537395200) extendedPlatform(0)
Refreshing native plugins compatible for Editor in 0.96 ms, found 1 plugins.
Preloading 0 native plugins for Editor in 0.00 ms.
Unloading 1900 Unused Serialized files (Serialized files now loaded: 0)
System memory in use before: 82.8 MB.
System memory in use after: 82.8 MB.

Unloading 12 unused Assets to reduce memory usage. Loaded Objects now: 2400.
Total: 5.059594 ms (FindLiveObjects: 0.624449 ms CreateObjectMapping: 0.126968 ms MarkObjects: 4.022707 ms  DeleteObjects: 0.281359 ms)

AssetImportParameters requested are different than current active one (requested -> active):
  custom:graphics/normal-map-encoding: 01000000000000000000000000000000 -> 02000000000000000000000000000000
========================================================================
Received Prepare
Registering precompiled user dll's ...
Registered in 0.001913 seconds.
Begin MonoManager ReloadAssembly
Native extension for LinuxStandalone target not found
Native extension for WebGL target not found
Refreshing native plugins compatible for Editor in 1.24 ms, found 1 plugins.
Preloading 0 native plugins for Editor in 0.00 ms.
Mono: successfully reloaded assembly
- Completed reload, in  2.588 seconds
Platform modules already initialized, skipping
Switching build target platform(24) subTarget(0) extendedPlatform(0) -> platform(13) subTarget(537395200) extendedPlatform(0)
Refreshing native plugins compatible for Editor in 1.01 ms, found 1 plugins.
Preloading 0 native plugins for Editor in 0.00 ms.
Unloading 1900 Unused Serialized files (Serialized files now loaded: 0)
System memory in use before: 82.8 MB.
System memory in use after: 82.8 MB.

Unloading 12 unused Assets to reduce memory usage. Loaded Objects now: 2404.
Total: 7.149800 ms (FindLiveObjects: 0.462026 ms CreateObjectMapping: 0.130283 ms MarkObjects: 6.228022 ms  DeleteObjects: 0.325974 ms)

AssetImportParameters requested are different than current active one (requested -> active):
  custom:graphics/normal-map-encoding: 01000000000000000000000000000000 -> 02000000000000000000000000000000
========================================================================
Received Prepare
Registering precompiled user dll's ...
Registered in 0.002140 seconds.
Begin MonoManager ReloadAssembly
Native extension for LinuxStandalone target not found
Native extension for WebGL target not found
Refreshing native plugins compatible for Editor in 0.95 ms, found 1 plugins.
Preloading 0 native plugins for Editor in 0.00 ms.
Mono: successfully reloaded assembly
- Completed reload, in  2.554 seconds
Platform modules already initialized, skipping
Switching build target platform(24) subTarget(0) extendedPlatform(0) -> platform(13) subTarget(537395200) extendedPlatform(0)
Refreshing native plugins compatible for Editor in 1.33 ms, found 1 plugins.
Preloading 0 native plugins for Editor in 0.00 ms.
Unloading 1900 Unused Serialized files (Serialized files now loaded: 0)
System memory in use before: 82.8 MB.
System memory in use after: 82.8 MB.

Unloading 12 unused Assets to reduce memory usage. Loaded Objects now: 2408.
Total: 6.550791 ms (FindLiveObjects: 0.537415 ms CreateObjectMapping: 0.136263 ms MarkObjects: 5.547574 ms  DeleteObjects: 0.324899 ms)

AssetImportParameters requested are different than current active one (requested -> active):
  custom:graphics/normal-map-encoding: 01000000000000000000000000000000 -> 02000000000000000000000000000000
========================================================================
Received Prepare
Registering precompiled user dll's ...
Registered in 0.001795 seconds.
Begin MonoManager ReloadAssembly
Native extension for LinuxStandalone target not found
Native extension for WebGL target not found
Refreshing native plugins compatible for Editor in 1.18 ms, found 1 plugins.
Preloading 0 native plugins for Editor in 0.00 ms.
Mono: successfully reloaded assembly
- Completed reload, in  2.116 seconds
Platform modules already initialized, skipping
Switching build target platform(24) subTarget(0) extendedPlatform(0) -> platform(13) subTarget(537395200) extendedPlatform(0)
Refreshing native plugins compatible for Editor in 1.09 ms, found 1 plugins.
Preloading 0 native plugins for Editor in 0.00 ms.
Unloading 1900 Unused Serialized files (Serialized files now loaded: 0)
System memory in use before: 82.8 MB.
System memory in use after: 82.8 MB.

Unloading 12 unused Assets to reduce memory usage. Loaded Objects now: 2412.
Total: 8.771210 ms (FindLiveObjects: 0.642933 ms CreateObjectMapping: 0.125758 ms MarkObjects: 7.500136 ms  DeleteObjects: 0.497520 ms)

AssetImportParameters requested are different than current active one (requested -> active):
  custom:graphics/normal-map-encoding: 01000000000000000000000000000000 -> 02000000000000000000000000000000
========================================================================
Received Import Request.
  Time since last request: 2777.092566 seconds.
  path: Assets/Prefabs/Ui/Mini/MiniThing.prefab
  artifactKey: Guid(bcc7d1c294662a7a3ba421ac71716262) Importer(815301076,1909f56bfc062723c751e8b465ee728b)
Start importing Assets/Prefabs/Ui/Mini/MiniThing.prefab using Guid(bcc7d1c294662a7a3ba421ac71716262) Importer(815301076,1909f56bfc062723c751e8b465ee728b)  -> (artifact id: 'd791d46050f8ea57494f6e056df1d533') in 0.070512 seconds
  Import took 0.076920 seconds .

========================================================================
Received Prepare
Registering precompiled user dll's ...
Registered in 0.002075 seconds.
Begin MonoManager ReloadAssembly
Native extension for LinuxStandalone target not found
Native extension for WebGL target not found
Refreshing native plugins compatible for Editor in 1.34 ms, found 1 plugins.
Preloading 0 native plugins for Editor in 0.00 ms.
Mono: successfully reloaded assembly
- Completed reload, in  2.603 seconds
Platform modules already initialized, skipping
Switching build target platform(24) subTarget(0) extendedPlatform(0) -> platform(13) subTarget(537395200) extendedPlatform(0)
Refreshing native plugins compatible for Editor in 0.91 ms, found 1 plugins.
Preloading 0 native plugins for Editor in 0.00 ms.
Unloading 1900 Unused Serialized files (Serialized files now loaded: 0)
System memory in use before: 82.8 MB.
System memory in use after: 82.8 MB.

Unloading 12 unused Assets to reduce memory usage. Loaded Objects now: 2416.
Total: 6.955878 ms (FindLiveObjects: 0.481332 ms CreateObjectMapping: 0.404596 ms MarkObjects: 5.726067 ms  DeleteObjects: 0.340418 ms)

AssetImportParameters requested are different than current active one (requested -> active):
  custom:graphics/normal-map-encoding: 01000000000000000000000000000000 -> 02000000000000000000000000000000
========================================================================
Received Import Request.
  Time since last request: 127.585286 seconds.
  path: Assets/Prefabs/Ui/Mini/MiniThing.prefab
  artifactKey: Guid(bcc7d1c294662a7a3ba421ac71716262) Importer(815301076,1909f56bfc062723c751e8b465ee728b)
Start importing Assets/Prefabs/Ui/Mini/MiniThing.prefab using Guid(bcc7d1c294662a7a3ba421ac71716262) Importer(815301076,1909f56bfc062723c751e8b465ee728b)  -> (artifact id: '14ccf2c06404150d2bddd18b87aee894') in 0.082826 seconds
  Import took 0.090909 seconds .

========================================================================
Received Prepare
Registering precompiled user dll's ...
Registered in 0.002475 seconds.
Begin MonoManager ReloadAssembly
Native extension for LinuxStandalone target not found
Native extension for WebGL target not found
Refreshing native plugins compatible for Editor in 0.99 ms, found 1 plugins.
Preloading 0 native plugins for Editor in 0.00 ms.
Mono: successfully reloaded assembly
- Completed reload, in  2.637 seconds
Platform modules already initialized, skipping
Switching build target platform(24) subTarget(0) extendedPlatform(0) -> platform(13) subTarget(537395200) extendedPlatform(0)
Refreshing native plugins compatible for Editor in 1.11 ms, found 1 plugins.
Preloading 0 native plugins for Editor in 0.00 ms.
Unloading 1900 Unused Serialized files (Serialized files now loaded: 0)
System memory in use before: 82.9 MB.
System memory in use after: 82.9 MB.

Unloading 12 unused Assets to reduce memory usage. Loaded Objects now: 2420.
Total: 7.342385 ms (FindLiveObjects: 0.454965 ms CreateObjectMapping: 0.125153 ms MarkObjects: 6.378889 ms  DeleteObjects: 0.379571 ms)

AssetImportParameters requested are different than current active one (requested -> active):
  custom:graphics/normal-map-encoding: 01000000000000000000000000000000 -> 02000000000000000000000000000000
========================================================================
Received Prepare
Registering precompiled user dll's ...
Registered in 0.002608 seconds.
Begin MonoManager ReloadAssembly
Native extension for LinuxStandalone target not found
Native extension for WebGL target not found
Refreshing native plugins compatible for Editor in 1.32 ms, found 1 plugins.
Preloading 0 native plugins for Editor in 0.00 ms.
Mono: successfully reloaded assembly
- Completed reload, in  2.626 seconds
Platform modules already initialized, skipping
Switching build target platform(24) subTarget(0) extendedPlatform(0) -> platform(13) subTarget(537395200) extendedPlatform(0)
Refreshing native plugins compatible for Editor in 0.99 ms, found 1 plugins.
Preloading 0 native plugins for Editor in 0.00 ms.
Unloading 1900 Unused Serialized files (Serialized files now loaded: 0)
System memory in use before: 82.9 MB.
System memory in use after: 82.9 MB.

Unloading 12 unused Assets to reduce memory usage. Loaded Objects now: 2424.
Total: 7.493854 ms (FindLiveObjects: 0.636360 ms CreateObjectMapping: 0.142767 ms MarkObjects: 6.401014 ms  DeleteObjects: 0.299206 ms)

AssetImportParameters requested are different than current active one (requested -> active):
  custom:graphics/normal-map-encoding: 01000000000000000000000000000000 -> 02000000000000000000000000000000
========================================================================
Received Prepare
Registering precompiled user dll's ...
Registered in 0.002255 seconds.
Begin MonoManager ReloadAssembly
Native extension for LinuxStandalone target not found
Native extension for WebGL target not found
Refreshing native plugins compatible for Editor in 1.02 ms, found 1 plugins.
Preloading 0 native plugins for Editor in 0.00 ms.
Mono: successfully reloaded assembly
- Completed reload, in  2.762 seconds
Platform modules already initialized, skipping
Switching build target platform(24) subTarget(0) extendedPlatform(0) -> platform(13) subTarget(537395200) extendedPlatform(0)
Refreshing native plugins compatible for Editor in 0.88 ms, found 1 plugins.
Preloading 0 native plugins for Editor in 0.00 ms.
Unloading 1900 Unused Serialized files (Serialized files now loaded: 0)
System memory in use before: 82.9 MB.
System memory in use after: 82.9 MB.

Unloading 12 unused Assets to reduce memory usage. Loaded Objects now: 2428.
Total: 10.572777 ms (FindLiveObjects: 0.495035 ms CreateObjectMapping: 0.136023 ms MarkObjects: 9.566951 ms  DeleteObjects: 0.371306 ms)

AssetImportParameters requested are different than current active one (requested -> active):
  custom:graphics/normal-map-encoding: 01000000000000000000000000000000 -> 02000000000000000000000000000000
========================================================================
Received Import Request.
  Time since last request: 113.545367 seconds.
  path: Assets/Prefabs/Ui/Mini/MiniAButton.prefab
  artifactKey: Guid(c7e2fe1a325ee53d985125ac41bfe88f) Importer(815301076,1909f56bfc062723c751e8b465ee728b)
Start importing Assets/Prefabs/Ui/Mini/MiniAButton.prefab using Guid(c7e2fe1a325ee53d985125ac41bfe88f) Importer(815301076,1909f56bfc062723c751e8b465ee728b)  -> (artifact id: '43bc92df3481292e7ac8c79deec96b85') in 0.100496 seconds
  Import took 0.107817 seconds .

========================================================================
Received Import Request.
  Time since last request: 0.081731 seconds.
  path: Assets/Prefabs/Ui/Mini/MiniAButton.prefab
  artifactKey: Guid(c7e2fe1a325ee53d985125ac41bfe88f) Importer(815301076,1909f56bfc062723c751e8b465ee728b)
Start importing Assets/Prefabs/Ui/Mini/MiniAButton.prefab using Guid(c7e2fe1a325ee53d985125ac41bfe88f) Importer(815301076,1909f56bfc062723c751e8b465ee728b)  -> (artifact id: '43bc92df3481292e7ac8c79deec96b85') in 0.007392 seconds
  Import took 0.014542 seconds .

========================================================================
Received Prepare
Registering precompiled user dll's ...
Registered in 0.002011 seconds.
Begin MonoManager ReloadAssembly
Native extension for LinuxStandalone target not found
Native extension for WebGL target not found
Refreshing native plugins compatible for Editor in 1.00 ms, found 1 plugins.
Preloading 0 native plugins for Editor in 0.00 ms.
Mono: successfully reloaded assembly
- Completed reload, in  2.589 seconds
Platform modules already initialized, skipping
Switching build target platform(24) subTarget(0) extendedPlatform(0) -> platform(13) subTarget(537395200) extendedPlatform(0)
Refreshing native plugins compatible for Editor in 1.04 ms, found 1 plugins.
Preloading 0 native plugins for Editor in 0.00 ms.
Unloading 1900 Unused Serialized files (Serialized files now loaded: 0)
System memory in use before: 82.9 MB.
System memory in use after: 82.9 MB.

Unloading 12 unused Assets to reduce memory usage. Loaded Objects now: 2432.
Total: 7.651137 ms (FindLiveObjects: 0.757298 ms CreateObjectMapping: 0.143554 ms MarkObjects: 6.197583 ms  DeleteObjects: 0.545979 ms)

AssetImportParameters requested are different than current active one (requested -> active):
  custom:graphics/normal-map-encoding: 01000000000000000000000000000000 -> 02000000000000000000000000000000
========================================================================
Received Prepare
Registering precompiled user dll's ...
Registered in 0.002137 seconds.
Begin MonoManager ReloadAssembly
Native extension for LinuxStandalone target not found
Native extension for WebGL target not found
Refreshing native plugins compatible for Editor in 1.08 ms, found 1 plugins.
Preloading 0 native plugins for Editor in 0.00 ms.
Mono: successfully reloaded assembly
- Completed reload, in  2.919 seconds
Platform modules already initialized, skipping
Switching build target platform(24) subTarget(0) extendedPlatform(0) -> platform(13) subTarget(537395200) extendedPlatform(0)
Refreshing native plugins compatible for Editor in 1.39 ms, found 1 plugins.
Preloading 0 native plugins for Editor in 0.00 ms.
Unloading 1900 Unused Serialized files (Serialized files now loaded: 0)
System memory in use before: 82.9 MB.
System memory in use after: 82.9 MB.

Unloading 12 unused Assets to reduce memory usage. Loaded Objects now: 2436.
Total: 11.027212 ms (FindLiveObjects: 0.613205 ms CreateObjectMapping: 0.202515 ms MarkObjects: 9.832066 ms  DeleteObjects: 0.374864 ms)

AssetImportParameters requested are different than current active one (requested -> active):
  custom:graphics/normal-map-encoding: 01000000000000000000000000000000 -> 02000000000000000000000000000000
========================================================================
Received Prepare
Registering precompiled user dll's ...
Registered in 0.002177 seconds.
Begin MonoManager ReloadAssembly
Native extension for LinuxStandalone target not found
Native extension for WebGL target not found
Refreshing native plugins compatible for Editor in 0.97 ms, found 1 plugins.
Preloading 0 native plugins for Editor in 0.00 ms.
Mono: successfully reloaded assembly
- Completed reload, in  2.859 seconds
Platform modules already initialized, skipping
Switching build target platform(24) subTarget(0) extendedPlatform(0) -> platform(13) subTarget(537395200) extendedPlatform(0)
Refreshing native plugins compatible for Editor in 1.51 ms, found 1 plugins.
Preloading 0 native plugins for Editor in 0.00 ms.
Unloading 1900 Unused Serialized files (Serialized files now loaded: 0)
System memory in use before: 82.9 MB.
System memory in use after: 82.9 MB.

Unloading 12 unused Assets to reduce memory usage. Loaded Objects now: 2440.
Total: 11.351137 ms (FindLiveObjects: 0.569015 ms CreateObjectMapping: 0.127995 ms MarkObjects: 10.153565 ms  DeleteObjects: 0.495544 ms)

AssetImportParameters requested are different than current active one (requested -> active):
  custom:graphics/normal-map-encoding: 01000000000000000000000000000000 -> 02000000000000000000000000000000
========================================================================
Received Import Request.
  Time since last request: 257.505359 seconds.
  path: Assets/Prefabs/Ui/Mini/MiniFOneButton.prefab
  artifactKey: Guid(5aa546ee2f1519b8ebee1a0d7318ef54) Importer(815301076,1909f56bfc062723c751e8b465ee728b)
Start importing Assets/Prefabs/Ui/Mini/MiniFOneButton.prefab using Guid(5aa546ee2f1519b8ebee1a0d7318ef54) Importer(815301076,1909f56bfc062723c751e8b465ee728b)  -> (artifact id: '46e2bcd8b0eb78a3f87d2340b77996e4') in 0.103118 seconds
  Import took 0.110681 seconds .

========================================================================
Received Import Request.
  Time since last request: 0.014695 seconds.
  path: Assets/Prefabs/Ui/Mini/MiniFOneButton.prefab
  artifactKey: Guid(5aa546ee2f1519b8ebee1a0d7318ef54) Importer(815301076,1909f56bfc062723c751e8b465ee728b)
Start importing Assets/Prefabs/Ui/Mini/MiniFOneButton.prefab using Guid(5aa546ee2f1519b8ebee1a0d7318ef54) Importer(815301076,1909f56bfc062723c751e8b465ee728b)  -> (artifact id: '46e2bcd8b0eb78a3f87d2340b77996e4') in 0.006293 seconds
  Import took 0.012976 seconds .

========================================================================
Received Import Request.
  Time since last request: 21.230665 seconds.
  path: Assets/Prefabs/Ui/Mini/MiniFTwoButton .prefab
  artifactKey: Guid(743093d8300dc609c951768c148421dc) Importer(815301076,1909f56bfc062723c751e8b465ee728b)
Start importing Assets/Prefabs/Ui/Mini/MiniFTwoButton .prefab using Guid(743093d8300dc609c951768c148421dc) Importer(815301076,1909f56bfc062723c751e8b465ee728b)  -> (artifact id: 'dedc6fb671791877055c5cb2d455b7c2') in 0.007425 seconds
  Import took 0.014021 seconds .

========================================================================
Received Import Request.
  Time since last request: 0.009843 seconds.
  path: Assets/Prefabs/Ui/Mini/MiniFTwoButton .prefab
  artifactKey: Guid(743093d8300dc609c951768c148421dc) Importer(815301076,1909f56bfc062723c751e8b465ee728b)
Start importing Assets/Prefabs/Ui/Mini/MiniFTwoButton .prefab using Guid(743093d8300dc609c951768c148421dc) Importer(815301076,1909f56bfc062723c751e8b465ee728b)  -> (artifact id: 'dedc6fb671791877055c5cb2d455b7c2') in 0.005792 seconds
  Import took 0.012483 seconds .

========================================================================
Received Import Request.
  Time since last request: 6.294547 seconds.
  path: Assets/Prefabs/Ui/Mini/MiniLButton.prefab
  artifactKey: Guid(78999d862536622dd8a6bb39163b0f11) Importer(815301076,1909f56bfc062723c751e8b465ee728b)
Start importing Assets/Prefabs/Ui/Mini/MiniLButton.prefab using Guid(78999d862536622dd8a6bb39163b0f11) Importer(815301076,1909f56bfc062723c751e8b465ee728b)  -> (artifact id: 'e9841ccbb683aed95d10f8eee5d0737e') in 0.006291 seconds
  Import took 0.013158 seconds .

========================================================================
Received Import Request.
  Time since last request: 0.012836 seconds.
  path: Assets/Prefabs/Ui/Mini/MiniLButton.prefab
  artifactKey: Guid(78999d862536622dd8a6bb39163b0f11) Importer(815301076,1909f56bfc062723c751e8b465ee728b)
Start importing Assets/Prefabs/Ui/Mini/MiniLButton.prefab using Guid(78999d862536622dd8a6bb39163b0f11) Importer(815301076,1909f56bfc062723c751e8b465ee728b)  -> (artifact id: 'e9841ccbb683aed95d10f8eee5d0737e') in 0.008559 seconds
  Import took 0.015623 seconds .

========================================================================
Received Import Request.
  Time since last request: 10.440308 seconds.
  path: Assets/Prefabs/Ui/Mini/MiniMButton.prefab
  artifactKey: Guid(3dc68498928c82cc5af68d0de98bc315) Importer(815301076,1909f56bfc062723c751e8b465ee728b)
Start importing Assets/Prefabs/Ui/Mini/MiniMButton.prefab using Guid(3dc68498928c82cc5af68d0de98bc315) Importer(815301076,1909f56bfc062723c751e8b465ee728b)  -> (artifact id: 'f50b31e2ae98b05bf3d891a6959fd1e2') in 0.005742 seconds
  Import took 0.011716 seconds .

========================================================================
Received Import Request.
  Time since last request: 0.011857 seconds.
  path: Assets/Prefabs/Ui/Mini/MiniMButton.prefab
  artifactKey: Guid(3dc68498928c82cc5af68d0de98bc315) Importer(815301076,1909f56bfc062723c751e8b465ee728b)
Start importing Assets/Prefabs/Ui/Mini/MiniMButton.prefab using Guid(3dc68498928c82cc5af68d0de98bc315) Importer(815301076,1909f56bfc062723c751e8b465ee728b)  -> (artifact id: 'f50b31e2ae98b05bf3d891a6959fd1e2') in 0.006687 seconds
  Import took 0.012974 seconds .

========================================================================
Received Import Request.
  Time since last request: 6.549248 seconds.
  path: Assets/Prefabs/Ui/Mini/MiniRButoon.prefab
  artifactKey: Guid(3217ba41b335ab8c98d43b24f0b50d62) Importer(815301076,1909f56bfc062723c751e8b465ee728b)
Start importing Assets/Prefabs/Ui/Mini/MiniRButoon.prefab using Guid(3217ba41b335ab8c98d43b24f0b50d62) Importer(815301076,1909f56bfc062723c751e8b465ee728b)  -> (artifact id: 'e91207cee855b8996741b74c570e9558') in 0.007956 seconds
  Import took 0.014537 seconds .

========================================================================
Received Import Request.
  Time since last request: 0.006443 seconds.
  path: Assets/Prefabs/Ui/Mini/MiniRButoon.prefab
  artifactKey: Guid(3217ba41b335ab8c98d43b24f0b50d62) Importer(815301076,1909f56bfc062723c751e8b465ee728b)
Start importing Assets/Prefabs/Ui/Mini/MiniRButoon.prefab using Guid(3217ba41b335ab8c98d43b24f0b50d62) Importer(815301076,1909f56bfc062723c751e8b465ee728b)  -> (artifact id: 'e91207cee855b8996741b74c570e9558') in 0.006919 seconds
  Import took 0.012804 seconds .

========================================================================
Received Import Request.
  Time since last request: 10.410180 seconds.
  path: Assets/Prefabs/Ui/Mini/MiniFOneButton.prefab
  artifactKey: Guid(5aa546ee2f1519b8ebee1a0d7318ef54) Importer(815301076,1909f56bfc062723c751e8b465ee728b)
Start importing Assets/Prefabs/Ui/Mini/MiniFOneButton.prefab using Guid(5aa546ee2f1519b8ebee1a0d7318ef54) Importer(815301076,1909f56bfc062723c751e8b465ee728b)  -> (artifact id: '54e004e78546c863937db1f5b9cb9abd') in 0.005335 seconds
  Import took 0.013571 seconds .

========================================================================
Received Import Request.
  Time since last request: 0.009552 seconds.
  path: Assets/Prefabs/Ui/Mini/MiniFOneButton.prefab
  artifactKey: Guid(5aa546ee2f1519b8ebee1a0d7318ef54) Importer(815301076,1909f56bfc062723c751e8b465ee728b)
Start importing Assets/Prefabs/Ui/Mini/MiniFOneButton.prefab using Guid(5aa546ee2f1519b8ebee1a0d7318ef54) Importer(815301076,1909f56bfc062723c751e8b465ee728b)  -> (artifact id: '54e004e78546c863937db1f5b9cb9abd') in 0.005096 seconds
  Import took 0.011118 seconds .

========================================================================
Received Import Request.
  Time since last request: 1.764907 seconds.
  path: Assets/Prefabs/Ui/Mini/MiniLButton.prefab
  artifactKey: Guid(78999d862536622dd8a6bb39163b0f11) Importer(815301076,1909f56bfc062723c751e8b465ee728b)
Start importing Assets/Prefabs/Ui/Mini/MiniLButton.prefab using Guid(78999d862536622dd8a6bb39163b0f11) Importer(815301076,1909f56bfc062723c751e8b465ee728b)  -> (artifact id: 'ba79bf335194380c523af3af34362c61') in 0.006588 seconds
  Import took 0.013656 seconds .

========================================================================
Received Import Request.
  Time since last request: 0.007521 seconds.
  path: Assets/Prefabs/Ui/Mini/MiniLButton.prefab
  artifactKey: Guid(78999d862536622dd8a6bb39163b0f11) Importer(815301076,1909f56bfc062723c751e8b465ee728b)
Start importing Assets/Prefabs/Ui/Mini/MiniLButton.prefab using Guid(78999d862536622dd8a6bb39163b0f11) Importer(815301076,1909f56bfc062723c751e8b465ee728b)  -> (artifact id: 'ba79bf335194380c523af3af34362c61') in 0.008257 seconds
  Import took 0.015542 seconds .

========================================================================
Received Import Request.
  Time since last request: 0.886501 seconds.
  path: Assets/Prefabs/Ui/Mini/MiniFTwoButton .prefab
  artifactKey: Guid(743093d8300dc609c951768c148421dc) Importer(815301076,1909f56bfc062723c751e8b465ee728b)
Start importing Assets/Prefabs/Ui/Mini/MiniFTwoButton .prefab using Guid(743093d8300dc609c951768c148421dc) Importer(815301076,1909f56bfc062723c751e8b465ee728b)  -> (artifact id: '19870fb786c6710cd83e7e484aa53a85') in 0.007095 seconds
  Import took 0.013859 seconds .

========================================================================
Received Import Request.
  Time since last request: 0.009242 seconds.
  path: Assets/Prefabs/Ui/Mini/MiniFTwoButton .prefab
  artifactKey: Guid(743093d8300dc609c951768c148421dc) Importer(815301076,1909f56bfc062723c751e8b465ee728b)
Start importing Assets/Prefabs/Ui/Mini/MiniFTwoButton .prefab using Guid(743093d8300dc609c951768c148421dc) Importer(815301076,1909f56bfc062723c751e8b465ee728b)  -> (artifact id: '19870fb786c6710cd83e7e484aa53a85') in 0.005516 seconds
  Import took 0.011686 seconds .

========================================================================
Received Import Request.
  Time since last request: 1.486239 seconds.
  path: Assets/Prefabs/Ui/Mini/MiniMButton.prefab
  artifactKey: Guid(3dc68498928c82cc5af68d0de98bc315) Importer(815301076,1909f56bfc062723c751e8b465ee728b)
Start importing Assets/Prefabs/Ui/Mini/MiniMButton.prefab using Guid(3dc68498928c82cc5af68d0de98bc315) Importer(815301076,1909f56bfc062723c751e8b465ee728b)  -> (artifact id: 'b14abfa40678b69c6ae693757a62cc10') in 0.007366 seconds
  Import took 0.013619 seconds .

========================================================================
Received Import Request.
  Time since last request: 0.010596 seconds.
  path: Assets/Prefabs/Ui/Mini/MiniMButton.prefab
  artifactKey: Guid(3dc68498928c82cc5af68d0de98bc315) Importer(815301076,1909f56bfc062723c751e8b465ee728b)
Start importing Assets/Prefabs/Ui/Mini/MiniMButton.prefab using Guid(3dc68498928c82cc5af68d0de98bc315) Importer(815301076,1909f56bfc062723c751e8b465ee728b)  -> (artifact id: 'b14abfa40678b69c6ae693757a62cc10') in 0.006595 seconds
  Import took 0.012963 seconds .

========================================================================
Received Import Request.
  Time since last request: 1.277784 seconds.
  path: Assets/Prefabs/Ui/Mini/MiniRButoon.prefab
  artifactKey: Guid(3217ba41b335ab8c98d43b24f0b50d62) Importer(815301076,1909f56bfc062723c751e8b465ee728b)
Start importing Assets/Prefabs/Ui/Mini/MiniRButoon.prefab using Guid(3217ba41b335ab8c98d43b24f0b50d62) Importer(815301076,1909f56bfc062723c751e8b465ee728b)  -> (artifact id: '798677247e51111cdafbebdfebce469c') in 0.006550 seconds
  Import took 0.013283 seconds .

========================================================================
Received Import Request.
  Time since last request: 0.007982 seconds.
  path: Assets/Prefabs/Ui/Mini/MiniRButoon.prefab
  artifactKey: Guid(3217ba41b335ab8c98d43b24f0b50d62) Importer(815301076,1909f56bfc062723c751e8b465ee728b)
Start importing Assets/Prefabs/Ui/Mini/MiniRButoon.prefab using Guid(3217ba41b335ab8c98d43b24f0b50d62) Importer(815301076,1909f56bfc062723c751e8b465ee728b)  -> (artifact id: '798677247e51111cdafbebdfebce469c') in 0.007432 seconds
  Import took 0.013944 seconds .

========================================================================
Received Import Request.
  Time since last request: 3.891858 seconds.
  path: Assets/Prefabs/Ui/Mini/MiniAButton.prefab
  artifactKey: Guid(c7e2fe1a325ee53d985125ac41bfe88f) Importer(815301076,1909f56bfc062723c751e8b465ee728b)
Start importing Assets/Prefabs/Ui/Mini/MiniAButton.prefab using Guid(c7e2fe1a325ee53d985125ac41bfe88f) Importer(815301076,1909f56bfc062723c751e8b465ee728b)  -> (artifact id: '52b1ab686551ec72fbde805dd86a25ba') in 0.007473 seconds
  Import took 0.016007 seconds .

========================================================================
Received Import Request.
  Time since last request: 0.011010 seconds.
  path: Assets/Prefabs/Ui/Mini/MiniAButton.prefab
  artifactKey: Guid(c7e2fe1a325ee53d985125ac41bfe88f) Importer(815301076,1909f56bfc062723c751e8b465ee728b)
Start importing Assets/Prefabs/Ui/Mini/MiniAButton.prefab using Guid(c7e2fe1a325ee53d985125ac41bfe88f) Importer(815301076,1909f56bfc062723c751e8b465ee728b)  -> (artifact id: '52b1ab686551ec72fbde805dd86a25ba') in 0.007130 seconds
  Import took 0.015198 seconds .

========================================================================
Received Prepare
Registering precompiled user dll's ...
Registered in 0.002351 seconds.
Begin MonoManager ReloadAssembly
Native extension for LinuxStandalone target not found
Native extension for WebGL target not found
Refreshing native plugins compatible for Editor in 0.97 ms, found 1 plugins.
Preloading 0 native plugins for Editor in 0.00 ms.
Mono: successfully reloaded assembly
- Completed reload, in  3.035 seconds
Platform modules already initialized, skipping
Switching build target platform(24) subTarget(0) extendedPlatform(0) -> platform(13) subTarget(537395200) extendedPlatform(0)
Refreshing native plugins compatible for Editor in 1.13 ms, found 1 plugins.
Preloading 0 native plugins for Editor in 0.00 ms.
Unloading 1900 Unused Serialized files (Serialized files now loaded: 0)
System memory in use before: 82.9 MB.
System memory in use after: 82.9 MB.

Unloading 12 unused Assets to reduce memory usage. Loaded Objects now: 2444.
Total: 10.806952 ms (FindLiveObjects: 0.575480 ms CreateObjectMapping: 0.147605 ms MarkObjects: 9.749302 ms  DeleteObjects: 0.330537 ms)

AssetImportParameters requested are different than current active one (requested -> active):
  custom:graphics/normal-map-encoding: 01000000000000000000000000000000 -> 02000000000000000000000000000000
========================================================================
Received Prepare
Registering precompiled user dll's ...
Registered in 0.002282 seconds.
Begin MonoManager ReloadAssembly
Native extension for LinuxStandalone target not found
Native extension for WebGL target not found
Refreshing native plugins compatible for Editor in 1.14 ms, found 1 plugins.
Preloading 0 native plugins for Editor in 0.00 ms.
Mono: successfully reloaded assembly
- Completed reload, in  2.868 seconds
Platform modules already initialized, skipping
Switching build target platform(24) subTarget(0) extendedPlatform(0) -> platform(13) subTarget(537395200) extendedPlatform(0)
Refreshing native plugins compatible for Editor in 0.96 ms, found 1 plugins.
Preloading 0 native plugins for Editor in 0.00 ms.
Unloading 1900 Unused Serialized files (Serialized files now loaded: 0)
System memory in use before: 82.9 MB.
System memory in use after: 82.9 MB.

Unloading 12 unused Assets to reduce memory usage. Loaded Objects now: 2448.
Total: 8.626853 ms (FindLiveObjects: 0.644580 ms CreateObjectMapping: 0.154334 ms MarkObjects: 7.505176 ms  DeleteObjects: 0.318023 ms)

AssetImportParameters requested are different than current active one (requested -> active):
  custom:graphics/normal-map-encoding: 01000000000000000000000000000000 -> 02000000000000000000000000000000
========================================================================
Received Import Request.
  Time since last request: 150.243779 seconds.
  path: Assets/Scenes/Level3.unity
  artifactKey: Guid(fa36bb3ee57a76da7a9491ef991a292d) Importer(815301076,1909f56bfc062723c751e8b465ee728b)
Start importing Assets/Scenes/Level3.unity using Guid(fa36bb3ee57a76da7a9491ef991a292d) Importer(815301076,1909f56bfc062723c751e8b465ee728b)  -> (artifact id: 'a5c0814bc7bc5ddcda2be57e9fa2f568') in 0.027759 seconds
  Import took 0.034439 seconds .

========================================================================
Received Prepare
Registering precompiled user dll's ...
Registered in 0.002167 seconds.
Begin MonoManager ReloadAssembly
Native extension for LinuxStandalone target not found
Native extension for WebGL target not found
Refreshing native plugins compatible for Editor in 1.24 ms, found 1 plugins.
Preloading 0 native plugins for Editor in 0.00 ms.
Mono: successfully reloaded assembly
- Completed reload, in  2.577 seconds
Platform modules already initialized, skipping
Switching build target platform(24) subTarget(0) extendedPlatform(0) -> platform(13) subTarget(537395200) extendedPlatform(0)
Refreshing native plugins compatible for Editor in 1.09 ms, found 1 plugins.
Preloading 0 native plugins for Editor in 0.00 ms.
Unloading 1900 Unused Serialized files (Serialized files now loaded: 0)
System memory in use before: 82.9 MB.
System memory in use after: 82.9 MB.

Unloading 12 unused Assets to reduce memory usage. Loaded Objects now: 2452.
Total: 8.007902 ms (FindLiveObjects: 0.874210 ms CreateObjectMapping: 0.212080 ms MarkObjects: 6.511858 ms  DeleteObjects: 0.402892 ms)

AssetImportParameters requested are different than current active one (requested -> active):
  custom:graphics/normal-map-encoding: 01000000000000000000000000000000 -> 02000000000000000000000000000000
========================================================================
Received Import Request.
  Time since last request: 538.753361 seconds.
  path: Assets/Sprites/ui/NextLevelPanel.png
  artifactKey: Guid(97e5eb0ded7f87005ab6cc4bbd49f877) Importer(815301076,1909f56bfc062723c751e8b465ee728b)
Start importing Assets/Sprites/ui/NextLevelPanel.png using Guid(97e5eb0ded7f87005ab6cc4bbd49f877) Importer(815301076,1909f56bfc062723c751e8b465ee728b)  -> (artifact id: 'c1806f3a748e79b6157f3186c257b3e5') in 0.314329 seconds
  Import took 0.322787 seconds .

========================================================================
Received Import Request.
  Time since last request: 6.915831 seconds.
  path: Assets/Sprites/ui/NextLevelPanel.png
  artifactKey: Guid(97e5eb0ded7f87005ab6cc4bbd49f877) Importer(815301076,1909f56bfc062723c751e8b465ee728b)
Start importing Assets/Sprites/ui/NextLevelPanel.png using Guid(97e5eb0ded7f87005ab6cc4bbd49f877) Importer(815301076,1909f56bfc062723c751e8b465ee728b)  -> (artifact id: '966f6d153a5248750ff669e77ca5ab1e') in 0.018983 seconds
  Import took 0.025590 seconds .

========================================================================
Received Import Request.
  Time since last request: 374.730361 seconds.
  path: Assets/Sprites/ui/inGameButtons.png
  artifactKey: Guid(61cbeeb3ec00ec83fa4f1454178cef74) Importer(815301076,1909f56bfc062723c751e8b465ee728b)
Start importing Assets/Sprites/ui/inGameButtons.png using Guid(61cbeeb3ec00ec83fa4f1454178cef74) Importer(815301076,1909f56bfc062723c751e8b465ee728b)  -> (artifact id: 'cfa5062c129104a1db6d1c16710e7aff') in 0.025881 seconds
  Import took 0.033254 seconds .

========================================================================
Received Import Request.
  Time since last request: 13.922052 seconds.
  path: Assets/Sprites/ui/inGameButtons.png
  artifactKey: Guid(61cbeeb3ec00ec83fa4f1454178cef74) Importer(815301076,1909f56bfc062723c751e8b465ee728b)
Start importing Assets/Sprites/ui/inGameButtons.png using Guid(61cbeeb3ec00ec83fa4f1454178cef74) Importer(815301076,1909f56bfc062723c751e8b465ee728b)  -> (artifact id: 'd345eaebf1c4b81c9ea0be64415e9888') in 0.059059 seconds
  Import took 0.066233 seconds .

========================================================================
Received Prepare
Registering precompiled user dll's ...
Registered in 0.002424 seconds.
Begin MonoManager ReloadAssembly
Native extension for LinuxStandalone target not found
Native extension for WebGL target not found
Refreshing native plugins compatible for Editor in 1.19 ms, found 1 plugins.
Preloading 0 native plugins for Editor in 0.00 ms.
Mono: successfully reloaded assembly
- Completed reload, in  2.902 seconds
Platform modules already initialized, skipping
Switching build target platform(24) subTarget(0) extendedPlatform(0) -> platform(13) subTarget(537395200) extendedPlatform(0)
Refreshing native plugins compatible for Editor in 1.07 ms, found 1 plugins.
Preloading 0 native plugins for Editor in 0.00 ms.
Unloading 1901 Unused Serialized files (Serialized files now loaded: 0)
System memory in use before: 84.2 MB.
System memory in use after: 84.2 MB.

Unloading 12 unused Assets to reduce memory usage. Loaded Objects now: 2466.
Total: 7.766415 ms (FindLiveObjects: 0.450621 ms CreateObjectMapping: 0.125321 ms MarkObjects: 6.684150 ms  DeleteObjects: 0.502622 ms)

AssetImportParameters requested are different than current active one (requested -> active):
  custom:graphics/normal-map-encoding: 01000000000000000000000000000000 -> 02000000000000000000000000000000
========================================================================
Received Import Request.
  Time since last request: 219.044685 seconds.
  path: Assets/Scripts/Ui/NextLevelUi.cs
  artifactKey: Guid(8c6e8be535d57f3b0b5f1abd4393695e) Importer(815301076,1909f56bfc062723c751e8b465ee728b)
Start importing Assets/Scripts/Ui/NextLevelUi.cs using Guid(8c6e8be535d57f3b0b5f1abd4393695e) Importer(815301076,1909f56bfc062723c751e8b465ee728b)  -> (artifact id: '6888fa21437e08ec82525823ae0c3e0a') in 0.007548 seconds
  Import took 0.014342 seconds .

========================================================================
Received Import Request.
  Time since last request: 725.019138 seconds.
  path: Assets/Scripts/Ui/NextLevelUi.cs
  artifactKey: Guid(8c6e8be535d57f3b0b5f1abd4393695e) Importer(815301076,1909f56bfc062723c751e8b465ee728b)
Start importing Assets/Scripts/Ui/NextLevelUi.cs using Guid(8c6e8be535d57f3b0b5f1abd4393695e) Importer(815301076,1909f56bfc062723c751e8b465ee728b)  -> (artifact id: 'b765c5e93c9bc17cee815ee04ee16925') in 0.002083 seconds
  Import took 0.015150 seconds .

========================================================================
Received Prepare
Registering precompiled user dll's ...
Registered in 0.002516 seconds.
Begin MonoManager ReloadAssembly
Native extension for LinuxStandalone target not found
Native extension for WebGL target not found
Refreshing native plugins compatible for Editor in 1.01 ms, found 1 plugins.
Preloading 0 native plugins for Editor in 0.00 ms.
Mono: successfully reloaded assembly
- Completed reload, in  3.028 seconds
Platform modules already initialized, skipping
Switching build target platform(24) subTarget(0) extendedPlatform(0) -> platform(13) subTarget(537395200) extendedPlatform(0)
Refreshing native plugins compatible for Editor in 1.50 ms, found 1 plugins.
Preloading 0 native plugins for Editor in 0.00 ms.
Unloading 1901 Unused Serialized files (Serialized files now loaded: 0)
System memory in use before: 84.2 MB.
System memory in use after: 84.2 MB.

Unloading 12 unused Assets to reduce memory usage. Loaded Objects now: 2470.
Total: 9.463100 ms (FindLiveObjects: 0.765574 ms CreateObjectMapping: 0.150184 ms MarkObjects: 8.160132 ms  DeleteObjects: 0.381745 ms)

AssetImportParameters requested are different than current active one (requested -> active):
  custom:graphics/normal-map-encoding: 01000000000000000000000000000000 -> 02000000000000000000000000000000
========================================================================
Received Import Request.
  Time since last request: 55.070116 seconds.
  path: Assets/Scripts/Ui/NextLevelUi.cs
  artifactKey: Guid(8c6e8be535d57f3b0b5f1abd4393695e) Importer(815301076,1909f56bfc062723c751e8b465ee728b)
Start importing Assets/Scripts/Ui/NextLevelUi.cs using Guid(8c6e8be535d57f3b0b5f1abd4393695e) Importer(815301076,1909f56bfc062723c751e8b465ee728b)  -> (artifact id: '210b8ca03cbc9ca0da7197099b836420') in 0.007657 seconds
  Import took 0.017087 seconds .

========================================================================
Received Prepare
Registering precompiled user dll's ...
Registered in 0.002313 seconds.
Begin MonoManager ReloadAssembly
Native extension for LinuxStandalone target not found
Native extension for WebGL target not found
Refreshing native plugins compatible for Editor in 1.10 ms, found 1 plugins.
Preloading 0 native plugins for Editor in 0.00 ms.
Mono: successfully reloaded assembly
- Completed reload, in  2.918 seconds
Platform modules already initialized, skipping
Switching build target platform(24) subTarget(0) extendedPlatform(0) -> platform(13) subTarget(537395200) extendedPlatform(0)
Refreshing native plugins compatible for Editor in 1.16 ms, found 1 plugins.
Preloading 0 native plugins for Editor in 0.00 ms.
Unloading 1901 Unused Serialized files (Serialized files now loaded: 0)
System memory in use before: 84.2 MB.
System memory in use after: 84.2 MB.

Unloading 12 unused Assets to reduce memory usage. Loaded Objects now: 2474.
Total: 9.227302 ms (FindLiveObjects: 0.741604 ms CreateObjectMapping: 0.179123 ms MarkObjects: 7.983569 ms  DeleteObjects: 0.318536 ms)

AssetImportParameters requested are different than current active one (requested -> active):
  custom:graphics/normal-map-encoding: 01000000000000000000000000000000 -> 02000000000000000000000000000000
========================================================================
Received Prepare
Registering precompiled user dll's ...
Registered in 0.002474 seconds.
Begin MonoManager ReloadAssembly
Native extension for LinuxStandalone target not found
Native extension for WebGL target not found
Refreshing native plugins compatible for Editor in 0.98 ms, found 1 plugins.
Preloading 0 native plugins for Editor in 0.00 ms.
Mono: successfully reloaded assembly
- Completed reload, in  3.182 seconds
Platform modules already initialized, skipping
Switching build target platform(24) subTarget(0) extendedPlatform(0) -> platform(13) subTarget(537395200) extendedPlatform(0)
Refreshing native plugins compatible for Editor in 1.21 ms, found 1 plugins.
Preloading 0 native plugins for Editor in 0.00 ms.
Unloading 1901 Unused Serialized files (Serialized files now loaded: 0)
System memory in use before: 84.2 MB.
System memory in use after: 84.2 MB.

Unloading 12 unused Assets to reduce memory usage. Loaded Objects now: 2478.
Total: 9.422088 ms (FindLiveObjects: 0.668923 ms CreateObjectMapping: 0.135169 ms MarkObjects: 8.229025 ms  DeleteObjects: 0.384033 ms)

AssetImportParameters requested are different than current active one (requested -> active):
  custom:graphics/normal-map-encoding: 01000000000000000000000000000000 -> 02000000000000000000000000000000
========================================================================
Received Prepare
Registering precompiled user dll's ...
Registered in 0.002652 seconds.
Begin MonoManager ReloadAssembly
Native extension for LinuxStandalone target not found
Native extension for WebGL target not found
Refreshing native plugins compatible for Editor in 1.32 ms, found 1 plugins.
Preloading 0 native plugins for Editor in 0.00 ms.
Mono: successfully reloaded assembly
- Completed reload, in  3.411 seconds
Platform modules already initialized, skipping
Switching build target platform(24) subTarget(0) extendedPlatform(0) -> platform(13) subTarget(537395200) extendedPlatform(0)
Refreshing native plugins compatible for Editor in 1.10 ms, found 1 plugins.
Preloading 0 native plugins for Editor in 0.00 ms.
Unloading 1901 Unused Serialized files (Serialized files now loaded: 0)
System memory in use before: 84.2 MB.
System memory in use after: 84.2 MB.

Unloading 12 unused Assets to reduce memory usage. Loaded Objects now: 2482.
Total: 10.307210 ms (FindLiveObjects: 0.609432 ms CreateObjectMapping: 0.156939 ms MarkObjects: 7.953784 ms  DeleteObjects: 1.583100 ms)

AssetImportParameters requested are different than current active one (requested -> active):
  custom:graphics/normal-map-encoding: 01000000000000000000000000000000 -> 02000000000000000000000000000000
========================================================================
Received Prepare
Registering precompiled user dll's ...
Registered in 0.002489 seconds.
Begin MonoManager ReloadAssembly
Native extension for LinuxStandalone target not found
Native extension for WebGL target not found
Refreshing native plugins compatible for Editor in 1.02 ms, found 1 plugins.
Preloading 0 native plugins for Editor in 0.00 ms.
Mono: successfully reloaded assembly
- Completed reload, in  3.753 seconds
Platform modules already initialized, skipping
Switching build target platform(24) subTarget(0) extendedPlatform(0) -> platform(13) subTarget(537395200) extendedPlatform(0)
Refreshing native plugins compatible for Editor in 1.04 ms, found 1 plugins.
Preloading 0 native plugins for Editor in 0.00 ms.
Unloading 1901 Unused Serialized files (Serialized files now loaded: 0)
System memory in use before: 84.2 MB.
System memory in use after: 84.2 MB.

Unloading 12 unused Assets to reduce memory usage. Loaded Objects now: 2486.
Total: 6.360883 ms (FindLiveObjects: 0.535555 ms CreateObjectMapping: 0.122204 ms MarkObjects: 5.336229 ms  DeleteObjects: 0.362932 ms)

AssetImportParameters requested are different than current active one (requested -> active):
  custom:graphics/normal-map-encoding: 01000000000000000000000000000000 -> 02000000000000000000000000000000
========================================================================
Received Prepare
Registering precompiled user dll's ...
Registered in 0.002109 seconds.
Begin MonoManager ReloadAssembly
Native extension for LinuxStandalone target not found
Native extension for WebGL target not found
Refreshing native plugins compatible for Editor in 1.08 ms, found 1 plugins.
Preloading 0 native plugins for Editor in 0.00 ms.
Mono: successfully reloaded assembly
- Completed reload, in  2.966 seconds
Platform modules already initialized, skipping
Switching build target platform(24) subTarget(0) extendedPlatform(0) -> platform(13) subTarget(537395200) extendedPlatform(0)
Refreshing native plugins compatible for Editor in 1.17 ms, found 1 plugins.
Preloading 0 native plugins for Editor in 0.00 ms.
Unloading 1901 Unused Serialized files (Serialized files now loaded: 0)
System memory in use before: 84.2 MB.
System memory in use after: 84.2 MB.

Unloading 12 unused Assets to reduce memory usage. Loaded Objects now: 2490.
Total: 8.466857 ms (FindLiveObjects: 0.566841 ms CreateObjectMapping: 0.143782 ms MarkObjects: 7.327137 ms  DeleteObjects: 0.424207 ms)

AssetImportParameters requested are different than current active one (requested -> active):
  custom:graphics/normal-map-encoding: 01000000000000000000000000000000 -> 02000000000000000000000000000000
========================================================================
Received Prepare
Registering precompiled user dll's ...
Registered in 0.002279 seconds.
Begin MonoManager ReloadAssembly
Native extension for LinuxStandalone target not found
Native extension for WebGL target not found
Refreshing native plugins compatible for Editor in 1.02 ms, found 1 plugins.
Preloading 0 native plugins for Editor in 0.00 ms.
Mono: successfully reloaded assembly
- Completed reload, in  2.743 seconds
Platform modules already initialized, skipping
Switching build target platform(24) subTarget(0) extendedPlatform(0) -> platform(13) subTarget(537395200) extendedPlatform(0)
Refreshing native plugins compatible for Editor in 1.07 ms, found 1 plugins.
Preloading 0 native plugins for Editor in 0.00 ms.
Unloading 1901 Unused Serialized files (Serialized files now loaded: 0)
System memory in use before: 84.3 MB.
System memory in use after: 84.3 MB.

Unloading 12 unused Assets to reduce memory usage. Loaded Objects now: 2494.
Total: 10.922753 ms (FindLiveObjects: 0.614888 ms CreateObjectMapping: 0.141384 ms MarkObjects: 9.828646 ms  DeleteObjects: 0.334125 ms)

AssetImportParameters requested are different than current active one (requested -> active):
  custom:graphics/normal-map-encoding: 01000000000000000000000000000000 -> 02000000000000000000000000000000
========================================================================
Received Prepare
Registering precompiled user dll's ...
Registered in 0.002056 seconds.
Begin MonoManager ReloadAssembly
Native extension for LinuxStandalone target not found
Native extension for WebGL target not found
Refreshing native plugins compatible for Editor in 1.58 ms, found 1 plugins.
Preloading 0 native plugins for Editor in 0.00 ms.
Mono: successfully reloaded assembly
- Completed reload, in  3.148 seconds
Platform modules already initialized, skipping
Switching build target platform(24) subTarget(0) extendedPlatform(0) -> platform(13) subTarget(537395200) extendedPlatform(0)
Refreshing native plugins compatible for Editor in 1.19 ms, found 1 plugins.
Preloading 0 native plugins for Editor in 0.00 ms.
Unloading 1901 Unused Serialized files (Serialized files now loaded: 0)
System memory in use before: 84.3 MB.
System memory in use after: 84.3 MB.

Unloading 12 unused Assets to reduce memory usage. Loaded Objects now: 2498.
Total: 9.752694 ms (FindLiveObjects: 0.693081 ms CreateObjectMapping: 0.134957 ms MarkObjects: 8.431831 ms  DeleteObjects: 0.484413 ms)

AssetImportParameters requested are different than current active one (requested -> active):
  custom:graphics/normal-map-encoding: 01000000000000000000000000000000 -> 02000000000000000000000000000000
========================================================================
Received Prepare
Registering precompiled user dll's ...
Registered in 0.002849 seconds.
Begin MonoManager ReloadAssembly
Native extension for LinuxStandalone target not found
Native extension for WebGL target not found
Refreshing native plugins compatible for Editor in 1.45 ms, found 1 plugins.
Preloading 0 native plugins for Editor in 0.00 ms.
Mono: successfully reloaded assembly
- Completed reload, in  3.550 seconds
Platform modules already initialized, skipping
Switching build target platform(24) subTarget(0) extendedPlatform(0) -> platform(13) subTarget(537395200) extendedPlatform(0)
Refreshing native plugins compatible for Editor in 0.99 ms, found 1 plugins.
Preloading 0 native plugins for Editor in 0.00 ms.
Unloading 1901 Unused Serialized files (Serialized files now loaded: 0)
System memory in use before: 84.3 MB.
System memory in use after: 84.3 MB.

Unloading 12 unused Assets to reduce memory usage. Loaded Objects now: 2502.
Total: 7.788349 ms (FindLiveObjects: 0.631363 ms CreateObjectMapping: 0.140775 ms MarkObjects: 6.628482 ms  DeleteObjects: 0.383350 ms)

AssetImportParameters requested are different than current active one (requested -> active):
  custom:graphics/normal-map-encoding: 01000000000000000000000000000000 -> 02000000000000000000000000000000
AssetImportWorkerClient::OnTransportError - code=2 error=End of file
