Using pre-set license
Desktop is 3600 x 1080 @ 60 Hz

 COMMAND LINE ARGUMENTS:
Unity
-adb2
-batchMode
-noUpm
-name
AssetImportWorker0
-projectPath
/home/tropot/Documents/Unity/Light Bot(VremennoeImia)
-logFile
Logs/AssetImportWorker0.log
-srvPort
37815
Successfully changed project path to: /home/tropot/Documents/Unity/Light Bot(VremennoeImia)
/home/tropot/Documents/Unity/Light Bot(VremennoeImia)
Using Asset Import Pipeline V2.
Refreshing native plugins compatible for Editor in 80.63 ms, found 1 plugins.
Preloading 0 native plugins for Editor in 0.00 ms.
Initialize engine version: 2020.3.4f1 (0abb6314276a)
[Subsystems] Discovering subsystems at path /home/tropot/Unity/Hub/Editor/2020.3.4f1/Editor/Data/Resources/UnitySubsystems
[Subsystems] Discovering subsystems at path /home/tropot/Documents/Unity/Light Bot(VremennoeImia)/Assets
GLX Extensions: GLX_EXT_visual_info GLX_EXT_visual_rating GLX_EXT_import_context GLX_SGIX_fbconfig GLX_SGIX_pbuffer GLX_SGI_video_sync GLX_SGI_swap_control GLX_EXT_swap_control GLX_EXT_swap_control_tear GLX_EXT_texture_from_pixmap GLX_EXT_buffer_age GLX_ARB_create_context GLX_ARB_create_context_profile GLX_EXT_create_context_es_profile GLX_EXT_create_context_es2_profile GLX_ARB_create_context_no_error GLX_ARB_create_context_robustness GLX_NV_delay_before_swap GLX_EXT_stereo_tree GLX_ARB_context_flush_control GLX_NV_robustness_video_memory_purge GLX_NV_multigpu_context GLX_ARB_multisample GLX_NV_float_buffer GLX_ARB_fbconfig_float GLX_EXT_framebuffer_sRGB GLX_NV_copy_image GLX_ARB_get_proc_address 
Renderer: GeForce GTX 750/PCIe/SSE2
Vendor:   NVIDIA Corporation
Version:  4.5.0 NVIDIA 460.80
GLES:     0
 GL_AMD_multi_draw_indirect GL_AMD_seamless_cubemap_per_texture GL_ARB_arrays_of_arrays GL_ARB_base_instance GL_ARB_bindless_texture GL_ARB_blend_func_extended GL_ARB_buffer_storage GL_ARB_clear_buffer_object GL_ARB_clear_texture GL_ARB_clip_control GL_ARB_color_buffer_float GL_ARB_compressed_texture_pixel_storage GL_ARB_conservative_depth GL_ARB_compute_shader GL_ARB_compute_variable_group_size GL_ARB_conditional_render_inverted GL_ARB_copy_buffer GL_ARB_copy_image GL_ARB_cull_distance GL_ARB_debug_output GL_ARB_depth_buffer_float GL_ARB_depth_clamp GL_ARB_depth_texture GL_ARB_derivative_control GL_ARB_direct_state_access GL_ARB_draw_buffers GL_ARB_draw_buffers_blend GL_ARB_draw_indirect GL_ARB_draw_elements_base_vertex GL_ARB_draw_instanced GL_ARB_enhanced_layouts GL_ARB_ES2_compatibility GL_ARB_ES3_compatibility GL_ARB_ES3_1_compatibility GL_ARB_ES3_2_compatibility GL_ARB_explicit_attrib_location GL_ARB_explicit_uniform_location GL_ARB_fragment_coord_conventions GL_ARB_fragment_layer_viewport GL_ARB_fragm
ent_program GL_ARB_fragment_program_shadow GL_ARB_fragment_shader GL_ARB_framebuffer_no_attachments GL_ARB_framebuffer_object GL_ARB_framebuffer_sRGB GL_ARB_geometry_shader4 GL_ARB_get_program_binary GL_ARB_get_texture_sub_image GL_ARB_gl_spirv GL_ARB_gpu_shader5 GL_ARB_gpu_shader_fp64 GL_ARB_gpu_shader_int64 GL_ARB_half_float_pixel GL_ARB_half_float_vertex GL_ARB_imaging GL_ARB_indirect_parameters GL_ARB_instanced_arrays GL_ARB_internalformat_query GL_ARB_internalformat_query2 GL_ARB_invalidate_subdata GL_ARB_map_buffer_alignment GL_ARB_map_buffer_range GL_ARB_multi_bind GL_ARB_multi_draw_indirect GL_ARB_multisample GL_ARB_multitexture GL_ARB_occlusion_query GL_ARB_occlusion_query2 GL_ARB_parallel_shader_compile GL_ARB_pipeline_statistics_query GL_ARB_pixel_buffer_object GL_ARB_point_parameters GL_ARB_point_sprite GL_ARB_polygon_offset_clamp GL_ARB_program_interface_query GL_ARB_provoking_vertex GL_ARB_query_buffer_object GL_ARB_robust_buffer_access_behavior GL_ARB_robustness GL_ARB_sample_shading GL_ARB_sa
mpler_objects GL_ARB_seamless_cube_map GL_ARB_seamless_cubemap_per_texture GL_ARB_separate_shader_objects GL_ARB_shader_atomic_counter_ops GL_ARB_shader_atomic_counters GL_ARB_shader_ballot GL_ARB_shader_bit_encoding GL_ARB_shader_clock GL_ARB_shader_draw_parameters GL_ARB_shader_group_vote GL_ARB_shader_image_load_store GL_ARB_shader_image_size GL_ARB_shader_objects GL_ARB_shader_precision GL_ARB_shader_storage_buffer_object GL_ARB_shader_subroutine GL_ARB_shader_texture_image_samples GL_ARB_shader_texture_lod GL_ARB_shading_language_100 GL_ARB_shading_language_420pack GL_ARB_shading_language_include GL_ARB_shading_language_packing GL_ARB_shadow GL_ARB_sparse_buffer GL_ARB_sparse_texture GL_ARB_spirv_extensions GL_ARB_stencil_texturing GL_ARB_sync GL_ARB_tessellation_shader GL_ARB_texture_barrier GL_ARB_texture_border_clamp GL_ARB_texture_buffer_object GL_ARB_texture_buffer_object_rgb32 GL_ARB_texture_buffer_range GL_ARB_texture_compression GL_ARB_texture_compression_bptc GL_ARB_texture_compression_rgtc GL_
ARB_texture_cube_map GL_ARB_texture_cube_map_array GL_ARB_texture_env_add GL_ARB_texture_env_combine GL_ARB_texture_env_crossbar GL_ARB_texture_env_dot3 GL_ARB_texture_filter_anisotropic GL_ARB_texture_float GL_ARB_texture_gather GL_ARB_texture_mirror_clamp_to_edge GL_ARB_texture_mirrored_repeat GL_ARB_texture_multisample GL_ARB_texture_non_power_of_two GL_ARB_texture_query_levels GL_ARB_texture_query_lod GL_ARB_texture_rectangle GL_ARB_texture_rg GL_ARB_texture_rgb10_a2ui GL_ARB_texture_stencil8 GL_ARB_texture_storage GL_ARB_texture_storage_multisample GL_ARB_texture_swizzle GL_ARB_texture_view GL_ARB_timer_query GL_ARB_transform_feedback2 GL_ARB_transform_feedback3 GL_ARB_transform_feedback_instanced GL_ARB_transform_feedback_overflow_query GL_ARB_transpose_matrix GL_ARB_uniform_buffer_object GL_ARB_vertex_array_bgra GL_ARB_vertex_array_object GL_ARB_vertex_attrib_64bit GL_ARB_vertex_attrib_binding GL_ARB_vertex_buffer_object GL_ARB_vertex_program GL_ARB_vertex_shader GL_ARB_vertex_type_10f_11f_11f_rev GL_
ARB_vertex_type_2_10_10_10_rev GL_ARB_viewport_array GL_ARB_window_pos GL_ATI_draw_buffers GL_ATI_texture_float GL_ATI_texture_mirror_once GL_S3_s3tc GL_EXT_texture_env_add GL_EXT_abgr GL_EXT_bgra GL_EXT_bindable_uniform GL_EXT_blend_color GL_EXT_blend_equation_separate GL_EXT_blend_func_separate GL_EXT_blend_minmax GL_EXT_blend_subtract GL_EXT_compiled_vertex_array GL_EXT_Cg_shader GL_EXT_depth_bounds_test GL_EXT_direct_state_access GL_EXT_draw_buffers2 GL_EXT_draw_instanced GL_EXT_draw_range_elements GL_EXT_fog_coord GL_EXT_framebuffer_blit GL_EXT_framebuffer_multisample GL_EXTX_framebuffer_mixed_formats GL_EXT_framebuffer_multisample_blit_scaled GL_EXT_framebuffer_object GL_EXT_framebuffer_sRGB GL_EXT_geometry_shader4 GL_EXT_gpu_program_parameters GL_EXT_gpu_shader4 GL_EXT_multi_draw_arrays GL_EXT_multiview_texture_multisample GL_EXT_multiview_timer_query GL_EXT_packed_depth_stencil GL_EXT_packed_float GL_EXT_packed_pixels GL_EXT_pixel_buffer_object GL_EXT_point_parameters GL_EXT_polygon_offset_clamp GL_E
XT_provoking_vertex GL_EXT_rescale_normal GL_EXT_secondary_color GL_EXT_separate_shader_objects GL_EXT_separate_specular_color GL_EXT_shader_image_load_formatted GL_EXT_shader_image_load_store GL_EXT_shader_integer_mix GL_EXT_shadow_funcs GL_EXT_stencil_two_side GL_EXT_stencil_wrap GL_EXT_texture3D GL_EXT_texture_array GL_EXT_texture_buffer_object GL_EXT_texture_compression_dxt1 GL_EXT_texture_compression_latc GL_EXT_texture_compression_rgtc GL_EXT_texture_compression_s3tc GL_EXT_texture_cube_map GL_EXT_texture_edge_clamp GL_EXT_texture_env_combine GL_EXT_texture_env_dot3 GL_EXT_texture_filter_anisotropic GL_EXT_texture_integer GL_EXT_texture_lod GL_EXT_texture_lod_bias GL_EXT_texture_mirror_clamp GL_EXT_texture_object GL_EXT_texture_shadow_lod GL_EXT_texture_shared_exponent GL_EXT_texture_sRGB GL_EXT_texture_sRGB_R8 GL_EXT_texture_sRGB_decode GL_EXT_texture_storage GL_EXT_texture_swizzle GL_EXT_timer_query GL_EXT_transform_feedback2 GL_EXT_vertex_array GL_EXT_vertex_array_bgra GL_EXT_vertex_attrib_64bit GL_
EXT_window_rectangles GL_EXT_x11_sync_object GL_EXT_import_sync_object GL_NV_robustness_video_memory_purge GL_IBM_rasterpos_clip GL_IBM_texture_mirrored_repeat GL_KHR_context_flush_control GL_KHR_debug GL_EXT_memory_object GL_EXT_memory_object_fd GL_KHR_parallel_shader_compile GL_KHR_no_error GL_KHR_robust_buffer_access_behavior GL_KHR_robustness GL_EXT_semaphore GL_EXT_semaphore_fd GL_NV_timeline_semaphore GL_KHR_shader_subgroup GL_KTX_buffer_region GL_NV_alpha_to_coverage_dither_control GL_NV_bindless_multi_draw_indirect GL_NV_bindless_multi_draw_indirect_count GL_NV_bindless_texture GL_NV_blend_equation_advanced GL_NV_blend_equation_advanced_coherent GL_NV_blend_minmax_factor GL_NV_blend_square GL_NV_command_list GL_NV_compute_program5 GL_NV_conditional_render GL_NV_copy_depth_to_color GL_NV_copy_image GL_NV_depth_buffer_float GL_NV_depth_clamp GL_NV_draw_texture GL_NV_draw_vulkan_image GL_NV_ES1_1_compatibility GL_NV_ES3_1_compatibility GL_NV_explicit_multisample GL_NV_feature_query GL_NV_fence GL_NV_flo
at_buffer GL_NV_fog_distance GL_NV_fragment_program GL_NV_fragment_program_option GL_NV_fragment_program2 GL_NV_framebuffer_multisample_coverage GL_NV_geometry_shader4 GL_NV_gpu_program4 GL_NV_internalformat_sample_query GL_NV_gpu_program4_1 GL_NV_gpu_program5 GL_NV_gpu_program5_mem_extended GL_NV_gpu_program_fp64 GL_NV_gpu_shader5 GL_NV_half_float GL_NV_light_max_exponent GL_NV_multisample_coverage GL_NV_multisample_filter_hint GL_NV_occlusion_query GL_NV_packed_depth_stencil GL_NV_parameter_buffer_object GL_NV_parameter_buffer_object2 GL_NV_path_rendering GL_NV_pixel_data_range GL_NV_point_sprite GL_NV_primitive_restart GL_NV_query_resource GL_NV_query_resource_tag GL_NV_register_combiners GL_NV_register_combiners2 GL_NV_shader_atomic_counters GL_NV_shader_atomic_float GL_NV_shader_atomic_int64 GL_NV_shader_buffer_load GL_NV_shader_storage_buffer_object GL_NV_shader_subgroup_partitioned GL_NV_texgen_reflection GL_NV_texture_barrier GL_NV_texture_compression_vtc GL_NV_texture_env_combine4 GL_NV_texture_mult
isample GL_NV_texture_rectangle GL_NV_texture_rectangle_compressed GL_NV_texture_shader GL_NV_texture_shader2 GL_NV_texture_shader3 GL_NV_transform_feedback GL_NV_transform_feedback2 GL_NV_uniform_buffer_unified_memory GL_NV_vdpau_interop GL_NV_vdpau_interop2 GL_NV_vertex_array_range GL_NV_vertex_array_range2 GL_NV_vertex_attrib_integer_64bit GL_NV_vertex_buffer_unified_memory GL_NV_vertex_program GL_NV_vertex_program1_1 GL_NV_vertex_program2 GL_NV_vertex_program2_option GL_NV_vertex_program3 GL_NVX_conditional_render GL_NV_gpu_multicast GL_NVX_progress_fence GL_NVX_gpu_memory_info GL_NVX_nvenc_interop GL_NV_shader_thread_group GL_NV_shader_thread_shuffle GL_KHR_blend_equation_advanced GL_KHR_blend_equation_advanced_coherent GL_OVR_multiview GL_OVR_multiview2 GL_SGIS_generate_mipmap GL_SGIS_texture_lod GL_SGIX_depth_texture GL_SGIX_shadow GL_SUN_slice_accum
OPENGL LOG: Creating OpenGL 4.5 graphics device ; Context level  <OpenGL 4.5> ; Context handle -984199816
Initialize mono
Mono path[0] = '/home/tropot/Unity/Hub/Editor/2020.3.4f1/Editor/Data/Managed'
Mono path[1] = '/home/tropot/Unity/Hub/Editor/2020.3.4f1/Editor/Data/MonoBleedingEdge/lib/mono/unityjit'
Mono config path = '/home/tropot/Unity/Hub/Editor/2020.3.4f1/Editor/Data/MonoBleedingEdge/etc'
Using monoOptions --debugger-agent=transport=dt_socket,embedding=1,server=y,suspend=n,address=127.0.0.1:56038
Begin MonoManager ReloadAssembly
Registering precompiled unity dll's ...
Register platform support module: /home/tropot/Unity/Hub/Editor/2020.3.4f1/Editor/Data/PlaybackEngines/WebGLSupport/UnityEditor.WebGL.Extensions.dll
Register platform support module: /home/tropot/Unity/Hub/Editor/2020.3.4f1/Editor/Data/PlaybackEngines/LinuxStandaloneSupport/UnityEditor.LinuxStandalone.Extensions.dll
Registered in 0.005078 seconds.
Native extension for LinuxStandalone target not found
Native extension for WebGL target not found
Refreshing native plugins compatible for Editor in 96.82 ms, found 1 plugins.
Preloading 0 native plugins for Editor in 0.00 ms.
Mono: successfully reloaded assembly
- Completed reload, in  4.209 seconds
Platform modules already initialized, skipping
Registering precompiled user dll's ...
Registered in 0.001703 seconds.
Begin MonoManager ReloadAssembly
Native extension for LinuxStandalone target not found
Native extension for WebGL target not found
Refreshing native plugins compatible for Editor in 98.53 ms, found 1 plugins.
Preloading 0 native plugins for Editor in 0.00 ms.
Mono: successfully reloaded assembly
- Completed reload, in  2.335 seconds
Platform modules already initialized, skipping
========================================================================
Worker process is ready to serve import requests
Launched and connected shader compiler UnityShaderCompiler after 0.02 seconds
Refreshing native plugins compatible for Editor in 0.79 ms, found 1 plugins.
Preloading 0 native plugins for Editor in 0.00 ms.
Unloading 1879 Unused Serialized files (Serialized files now loaded: 0)
System memory in use before: 81.6 MB.
System memory in use after: 81.6 MB.

Unloading 24 unused Assets to reduce memory usage. Loaded Objects now: 2324.
Total: 6.410729 ms (FindLiveObjects: 0.418080 ms CreateObjectMapping: 0.126648 ms MarkObjects: 5.287331 ms  DeleteObjects: 0.575564 ms)

========================================================================
Received Import Request.
  path: Assets/Prefabs/Ui/CrossFade.prefab
  artifactKey: Guid(0c1222f12cb87d8e8bebee319425e5fa) Importer(815301076,1909f56bfc062723c751e8b465ee728b)
Start importing Assets/Prefabs/Ui/CrossFade.prefab using Guid(0c1222f12cb87d8e8bebee319425e5fa) Importer(815301076,1909f56bfc062723c751e8b465ee728b)  -> (artifact id: 'f20023a8c15e1e2b5c29bebb65aa54fa') in 0.081466 seconds
  Import took 0.088316 seconds .

========================================================================
Received Prepare
Registering precompiled user dll's ...
Registered in 0.001634 seconds.
Begin MonoManager ReloadAssembly
Native extension for LinuxStandalone target not found
Native extension for WebGL target not found
Refreshing native plugins compatible for Editor in 0.82 ms, found 1 plugins.
Preloading 0 native plugins for Editor in 0.00 ms.
Mono: successfully reloaded assembly
- Completed reload, in  2.054 seconds
Platform modules already initialized, skipping
Switching build target platform(24) subTarget(0) extendedPlatform(0) -> platform(13) subTarget(537395200) extendedPlatform(0)
Refreshing native plugins compatible for Editor in 1.30 ms, found 1 plugins.
Preloading 0 native plugins for Editor in 0.00 ms.
Unloading 1877 Unused Serialized files (Serialized files now loaded: 0)
System memory in use before: 81.6 MB.
System memory in use after: 81.5 MB.

Unloading 12 unused Assets to reduce memory usage. Loaded Objects now: 2329.
Total: 5.496785 ms (FindLiveObjects: 0.437166 ms CreateObjectMapping: 0.118365 ms MarkObjects: 4.629186 ms  DeleteObjects: 0.308650 ms)

AssetImportParameters requested are different than current active one (requested -> active):
  custom:graphics/normal-map-encoding: 01000000000000000000000000000000 -> 02000000000000000000000000000000
========================================================================
Received Prepare
Registering precompiled user dll's ...
Registered in 0.001886 seconds.
Begin MonoManager ReloadAssembly
Native extension for LinuxStandalone target not found
Native extension for WebGL target not found
Refreshing native plugins compatible for Editor in 0.93 ms, found 1 plugins.
Preloading 0 native plugins for Editor in 0.00 ms.
Mono: successfully reloaded assembly
- Completed reload, in  1.909 seconds
Platform modules already initialized, skipping
Switching build target platform(24) subTarget(0) extendedPlatform(0) -> platform(13) subTarget(537395200) extendedPlatform(0)
Refreshing native plugins compatible for Editor in 1.02 ms, found 1 plugins.
Preloading 0 native plugins for Editor in 0.00 ms.
Unloading 1877 Unused Serialized files (Serialized files now loaded: 0)
System memory in use before: 81.6 MB.
System memory in use after: 81.6 MB.

Unloading 12 unused Assets to reduce memory usage. Loaded Objects now: 2333.
Total: 5.931353 ms (FindLiveObjects: 0.430809 ms CreateObjectMapping: 0.261659 ms MarkObjects: 4.909536 ms  DeleteObjects: 0.326405 ms)

AssetImportParameters requested are different than current active one (requested -> active):
  custom:graphics/normal-map-encoding: 01000000000000000000000000000000 -> 02000000000000000000000000000000
========================================================================
Received Import Request.
  Time since last request: 91.213830 seconds.
  path: Assets/Scripts/New Folder
  artifactKey: Guid(7ec8833a6f6af5b1eb3374a6d0e3c68c) Importer(815301076,1909f56bfc062723c751e8b465ee728b)
Start importing Assets/Scripts/New Folder using Guid(7ec8833a6f6af5b1eb3374a6d0e3c68c) Importer(815301076,1909f56bfc062723c751e8b465ee728b)  -> (artifact id: '612fb5bf7ff589051c886f49e2d32890') in 0.008417 seconds
  Import took 0.015294 seconds .

========================================================================
Received Import Request.
  Time since last request: 6.819275 seconds.
  path: Assets/Scripts/Ui
  artifactKey: Guid(7ec8833a6f6af5b1eb3374a6d0e3c68c) Importer(815301076,1909f56bfc062723c751e8b465ee728b)
Start importing Assets/Scripts/Ui using Guid(7ec8833a6f6af5b1eb3374a6d0e3c68c) Importer(815301076,1909f56bfc062723c751e8b465ee728b)  -> (artifact id: '1829bcfe4a07a2853e661b1109693895') in 0.001498 seconds
  Import took 0.007733 seconds .

========================================================================
Received Import Request.
  Time since last request: 18.119296 seconds.
  path: Assets/Scripts/Ui/CrossFade.cs
  artifactKey: Guid(1c7201791480ac671a33274fa6c8fc80) Importer(815301076,1909f56bfc062723c751e8b465ee728b)
Start importing Assets/Scripts/Ui/CrossFade.cs using Guid(1c7201791480ac671a33274fa6c8fc80) Importer(815301076,1909f56bfc062723c751e8b465ee728b)  -> (artifact id: 'ebc4d99e129ed8021a8821aee96bddfb') in 0.001789 seconds
  Import took 0.006862 seconds .

========================================================================
Received Import Request.
  Time since last request: 0.006235 seconds.
  path: Assets/Scripts/Ui/CrossFade.cs
  artifactKey: Guid(1c7201791480ac671a33274fa6c8fc80) Importer(815301076,1909f56bfc062723c751e8b465ee728b)
Start importing Assets/Scripts/Ui/CrossFade.cs using Guid(1c7201791480ac671a33274fa6c8fc80) Importer(815301076,1909f56bfc062723c751e8b465ee728b)  -> (artifact id: 'ebc4d99e129ed8021a8821aee96bddfb') in 0.001273 seconds
  Import took 0.005880 seconds .

========================================================================
Received Prepare
Registering precompiled user dll's ...
Registered in 0.001587 seconds.
Begin MonoManager ReloadAssembly
Native extension for LinuxStandalone target not found
Native extension for WebGL target not found
Refreshing native plugins compatible for Editor in 0.84 ms, found 1 plugins.
Preloading 0 native plugins for Editor in 0.00 ms.
Mono: successfully reloaded assembly
- Completed reload, in  1.958 seconds
Platform modules already initialized, skipping
Switching build target platform(24) subTarget(0) extendedPlatform(0) -> platform(13) subTarget(537395200) extendedPlatform(0)
Refreshing native plugins compatible for Editor in 0.81 ms, found 1 plugins.
Preloading 0 native plugins for Editor in 0.00 ms.
Unloading 1877 Unused Serialized files (Serialized files now loaded: 0)
System memory in use before: 81.6 MB.
System memory in use after: 81.6 MB.

Unloading 12 unused Assets to reduce memory usage. Loaded Objects now: 2337.
Total: 6.257910 ms (FindLiveObjects: 0.493948 ms CreateObjectMapping: 0.104193 ms MarkObjects: 5.387101 ms  DeleteObjects: 0.269328 ms)

AssetImportParameters requested are different than current active one (requested -> active):
  custom:graphics/normal-map-encoding: 01000000000000000000000000000000 -> 02000000000000000000000000000000
========================================================================
Received Import Request.
  Time since last request: 188.150409 seconds.
  path: Assets/Scripts/Ui/CrossFade.cs
  artifactKey: Guid(1c7201791480ac671a33274fa6c8fc80) Importer(815301076,1909f56bfc062723c751e8b465ee728b)
Start importing Assets/Scripts/Ui/CrossFade.cs using Guid(1c7201791480ac671a33274fa6c8fc80) Importer(815301076,1909f56bfc062723c751e8b465ee728b)  -> (artifact id: 'dd3157d48da4c268267af9db32630114') in 0.006211 seconds
  Import took 0.011503 seconds .

========================================================================
Received Import Request.
  Time since last request: 0.020183 seconds.
  path: Assets/Scripts/Ui/CrossFade.cs
  artifactKey: Guid(1c7201791480ac671a33274fa6c8fc80) Importer(815301076,1909f56bfc062723c751e8b465ee728b)
Start importing Assets/Scripts/Ui/CrossFade.cs using Guid(1c7201791480ac671a33274fa6c8fc80) Importer(815301076,1909f56bfc062723c751e8b465ee728b)  -> (artifact id: 'dd3157d48da4c268267af9db32630114') in 0.001573 seconds
  Import took 0.006512 seconds .

========================================================================
Received Prepare
Registering precompiled user dll's ...
Registered in 0.001591 seconds.
Begin MonoManager ReloadAssembly
Native extension for LinuxStandalone target not found
Native extension for WebGL target not found
Refreshing native plugins compatible for Editor in 0.74 ms, found 1 plugins.
Preloading 0 native plugins for Editor in 0.00 ms.
Mono: successfully reloaded assembly
- Completed reload, in  1.863 seconds
Platform modules already initialized, skipping
Switching build target platform(24) subTarget(0) extendedPlatform(0) -> platform(13) subTarget(537395200) extendedPlatform(0)
Refreshing native plugins compatible for Editor in 0.82 ms, found 1 plugins.
Preloading 0 native plugins for Editor in 0.00 ms.
Unloading 1877 Unused Serialized files (Serialized files now loaded: 0)
System memory in use before: 81.6 MB.
System memory in use after: 81.6 MB.

Unloading 12 unused Assets to reduce memory usage. Loaded Objects now: 2341.
Total: 4.729827 ms (FindLiveObjects: 0.397431 ms CreateObjectMapping: 0.095802 ms MarkObjects: 3.991466 ms  DeleteObjects: 0.242988 ms)

AssetImportParameters requested are different than current active one (requested -> active):
  custom:graphics/normal-map-encoding: 01000000000000000000000000000000 -> 02000000000000000000000000000000
========================================================================
Received Import Request.
  Time since last request: 19.590641 seconds.
  path: Assets/Scripts/Ui/CrossFade.cs
  artifactKey: Guid(1c7201791480ac671a33274fa6c8fc80) Importer(815301076,1909f56bfc062723c751e8b465ee728b)
Start importing Assets/Scripts/Ui/CrossFade.cs using Guid(1c7201791480ac671a33274fa6c8fc80) Importer(815301076,1909f56bfc062723c751e8b465ee728b)  -> (artifact id: 'a5941440b04a2ed6cff00c2fd64fff31') in 0.006023 seconds
  Import took 0.011068 seconds .

========================================================================
Received Prepare
Registering precompiled user dll's ...
Registered in 0.002012 seconds.
Begin MonoManager ReloadAssembly
Native extension for LinuxStandalone target not found
Native extension for WebGL target not found
Refreshing native plugins compatible for Editor in 0.88 ms, found 1 plugins.
Preloading 0 native plugins for Editor in 0.00 ms.
Mono: successfully reloaded assembly
- Completed reload, in  1.998 seconds
Platform modules already initialized, skipping
Switching build target platform(24) subTarget(0) extendedPlatform(0) -> platform(13) subTarget(537395200) extendedPlatform(0)
Refreshing native plugins compatible for Editor in 0.74 ms, found 1 plugins.
Preloading 0 native plugins for Editor in 0.00 ms.
Unloading 1877 Unused Serialized files (Serialized files now loaded: 0)
System memory in use before: 81.6 MB.
System memory in use after: 81.6 MB.

Unloading 12 unused Assets to reduce memory usage. Loaded Objects now: 2345.
Total: 5.231132 ms (FindLiveObjects: 0.397131 ms CreateObjectMapping: 0.096323 ms MarkObjects: 4.407677 ms  DeleteObjects: 0.327536 ms)

AssetImportParameters requested are different than current active one (requested -> active):
  custom:graphics/normal-map-encoding: 01000000000000000000000000000000 -> 02000000000000000000000000000000
========================================================================
Received Prepare
Registering precompiled user dll's ...
Registered in 0.001952 seconds.
Begin MonoManager ReloadAssembly
Native extension for LinuxStandalone target not found
Native extension for WebGL target not found
Refreshing native plugins compatible for Editor in 0.79 ms, found 1 plugins.
Preloading 0 native plugins for Editor in 0.00 ms.
Mono: successfully reloaded assembly
- Completed reload, in  1.717 seconds
Platform modules already initialized, skipping
Switching build target platform(24) subTarget(0) extendedPlatform(0) -> platform(13) subTarget(537395200) extendedPlatform(0)
Refreshing native plugins compatible for Editor in 0.70 ms, found 1 plugins.
Preloading 0 native plugins for Editor in 0.00 ms.
Unloading 1877 Unused Serialized files (Serialized files now loaded: 0)
System memory in use before: 81.6 MB.
System memory in use after: 81.6 MB.

Unloading 12 unused Assets to reduce memory usage. Loaded Objects now: 2349.
Total: 5.355980 ms (FindLiveObjects: 0.413792 ms CreateObjectMapping: 0.117170 ms MarkObjects: 4.538514 ms  DeleteObjects: 0.284929 ms)

AssetImportParameters requested are different than current active one (requested -> active):
  custom:graphics/normal-map-encoding: 01000000000000000000000000000000 -> 02000000000000000000000000000000
========================================================================
Received Import Request.
  Time since last request: 258.653154 seconds.
  path: Assets/Scripts/Ui/CrossFade.cs
  artifactKey: Guid(1c7201791480ac671a33274fa6c8fc80) Importer(815301076,1909f56bfc062723c751e8b465ee728b)
Start importing Assets/Scripts/Ui/CrossFade.cs using Guid(1c7201791480ac671a33274fa6c8fc80) Importer(815301076,1909f56bfc062723c751e8b465ee728b)  -> (artifact id: '55f18ec40cf927fe8f59fd583e951d75') in 0.007062 seconds
  Import took 0.013245 seconds .

========================================================================
Received Import Request.
  Time since last request: 0.000926 seconds.
  path: Assets/Scripts/Ui/CrossFade.cs
  artifactKey: Guid(1c7201791480ac671a33274fa6c8fc80) Importer(815301076,1909f56bfc062723c751e8b465ee728b)
Start importing Assets/Scripts/Ui/CrossFade.cs using Guid(1c7201791480ac671a33274fa6c8fc80) Importer(815301076,1909f56bfc062723c751e8b465ee728b)  -> (artifact id: '55f18ec40cf927fe8f59fd583e951d75') in 0.001323 seconds
  Import took 0.005553 seconds .

========================================================================
Received Prepare
Registering precompiled user dll's ...
Registered in 0.001471 seconds.
Begin MonoManager ReloadAssembly
Native extension for LinuxStandalone target not found
Native extension for WebGL target not found
Refreshing native plugins compatible for Editor in 0.87 ms, found 1 plugins.
Preloading 0 native plugins for Editor in 0.00 ms.
Mono: successfully reloaded assembly
- Completed reload, in  2.122 seconds
Platform modules already initialized, skipping
Switching build target platform(24) subTarget(0) extendedPlatform(0) -> platform(13) subTarget(537395200) extendedPlatform(0)
Refreshing native plugins compatible for Editor in 0.84 ms, found 1 plugins.
Preloading 0 native plugins for Editor in 0.00 ms.
Unloading 1876 Unused Serialized files (Serialized files now loaded: 0)
System memory in use before: 81.6 MB.
System memory in use after: 81.6 MB.

Unloading 13 unused Assets to reduce memory usage. Loaded Objects now: 2352.
Total: 5.552972 ms (FindLiveObjects: 0.482176 ms CreateObjectMapping: 0.104139 ms MarkObjects: 4.652061 ms  DeleteObjects: 0.310678 ms)

AssetImportParameters requested are different than current active one (requested -> active):
  custom:graphics/normal-map-encoding: 01000000000000000000000000000000 -> 02000000000000000000000000000000
========================================================================
Received Import Request.
  Time since last request: 259.494720 seconds.
  path: Assets/animations/ui
  artifactKey: Guid(d0730a8cc34f20c7282fd13ea29153bc) Importer(815301076,1909f56bfc062723c751e8b465ee728b)
Start importing Assets/animations/ui using Guid(d0730a8cc34f20c7282fd13ea29153bc) Importer(815301076,1909f56bfc062723c751e8b465ee728b)  -> (artifact id: 'c9b2a645f1985f8ad0b5ad3c0f0b141e') in 0.006135 seconds
  Import took 0.011392 seconds .

========================================================================
Received Import Request.
  Time since last request: 3.141111 seconds.
  path: Assets/animations/ui/Apear.anim
  artifactKey: Guid(1a5194f5f79a0bf8c8a8b6ff96584c07) Importer(815301076,1909f56bfc062723c751e8b465ee728b)
Start importing Assets/animations/ui/Apear.anim using Guid(1a5194f5f79a0bf8c8a8b6ff96584c07) Importer(815301076,1909f56bfc062723c751e8b465ee728b)  -> (artifact id: 'bbad703d4a3eca0b59e175610e35c805') in 0.017231 seconds
  Import took 0.022760 seconds .

========================================================================
Received Import Request.
  Time since last request: 0.011881 seconds.
  path: Assets/animations/ui/Apear.anim
  artifactKey: Guid(1a5194f5f79a0bf8c8a8b6ff96584c07) Importer(815301076,1909f56bfc062723c751e8b465ee728b)
Start importing Assets/animations/ui/Apear.anim using Guid(1a5194f5f79a0bf8c8a8b6ff96584c07) Importer(815301076,1909f56bfc062723c751e8b465ee728b)  -> (artifact id: 'bbad703d4a3eca0b59e175610e35c805') in 0.002522 seconds
  Import took 0.007722 seconds .

========================================================================
Received Import Request.
  Time since last request: 7.803331 seconds.
  path: Assets/animations/ui/Fade.anim
  artifactKey: Guid(2081a73f6ec69c26d8734ad005c6a96e) Importer(815301076,1909f56bfc062723c751e8b465ee728b)
Start importing Assets/animations/ui/Fade.anim using Guid(2081a73f6ec69c26d8734ad005c6a96e) Importer(815301076,1909f56bfc062723c751e8b465ee728b)  -> (artifact id: '25b84464c8822a9fa317db15fac0b0ca') in 0.002708 seconds
  Import took 0.008496 seconds .

========================================================================
Received Import Request.
  Time since last request: 3.770074 seconds.
  path: Assets/animations/ui/CrossFade.controller
  artifactKey: Guid(d7cdbff4612b801c1af79d9f6edf673c) Importer(815301076,1909f56bfc062723c751e8b465ee728b)
Start importing Assets/animations/ui/CrossFade.controller using Guid(d7cdbff4612b801c1af79d9f6edf673c) Importer(815301076,1909f56bfc062723c751e8b465ee728b)  -> (artifact id: '5cc3c490ac63a5efdfdb3c9903a9c315') in 0.004155 seconds
  Import took 0.009742 seconds .

========================================================================
Received Import Request.
  Time since last request: 0.001200 seconds.
  path: Assets/animations/ui/CrossFade.controller
  artifactKey: Guid(d7cdbff4612b801c1af79d9f6edf673c) Importer(815301076,1909f56bfc062723c751e8b465ee728b)
Start importing Assets/animations/ui/CrossFade.controller using Guid(d7cdbff4612b801c1af79d9f6edf673c) Importer(815301076,1909f56bfc062723c751e8b465ee728b)  -> (artifact id: '5cc3c490ac63a5efdfdb3c9903a9c315') in 0.001979 seconds
  Import took 0.006294 seconds .

========================================================================
Received Import Request.
  Time since last request: 402.897931 seconds.
  path: Assets/Scripts/Ui/LevelButton.cs
  artifactKey: Guid(d6b5605675732b739b3062aa1a785990) Importer(815301076,1909f56bfc062723c751e8b465ee728b)
Start importing Assets/Scripts/Ui/LevelButton.cs using Guid(d6b5605675732b739b3062aa1a785990) Importer(815301076,1909f56bfc062723c751e8b465ee728b)  -> (artifact id: 'e362a933e8c3f0d0c24cf8272738ef0e') in 0.001435 seconds
  Import took 0.006465 seconds .

========================================================================
Received Import Request.
  Time since last request: 0.006141 seconds.
  path: Assets/Scripts/Ui/LevelButton.cs
  artifactKey: Guid(d6b5605675732b739b3062aa1a785990) Importer(815301076,1909f56bfc062723c751e8b465ee728b)
Start importing Assets/Scripts/Ui/LevelButton.cs using Guid(d6b5605675732b739b3062aa1a785990) Importer(815301076,1909f56bfc062723c751e8b465ee728b)  -> (artifact id: 'e362a933e8c3f0d0c24cf8272738ef0e') in 0.001830 seconds
  Import took 0.008096 seconds .

========================================================================
Received Prepare
Registering precompiled user dll's ...
Registered in 0.001667 seconds.
Begin MonoManager ReloadAssembly
Native extension for LinuxStandalone target not found
Native extension for WebGL target not found
Refreshing native plugins compatible for Editor in 0.92 ms, found 1 plugins.
Preloading 0 native plugins for Editor in 0.00 ms.
Mono: successfully reloaded assembly
- Completed reload, in  2.176 seconds
Platform modules already initialized, skipping
Switching build target platform(24) subTarget(0) extendedPlatform(0) -> platform(13) subTarget(537395200) extendedPlatform(0)
Refreshing native plugins compatible for Editor in 0.85 ms, found 1 plugins.
Preloading 0 native plugins for Editor in 0.00 ms.
Unloading 1876 Unused Serialized files (Serialized files now loaded: 0)
System memory in use before: 81.6 MB.
System memory in use after: 81.6 MB.

Unloading 12 unused Assets to reduce memory usage. Loaded Objects now: 2356.
Total: 5.663492 ms (FindLiveObjects: 0.454304 ms CreateObjectMapping: 0.120260 ms MarkObjects: 4.782442 ms  DeleteObjects: 0.303628 ms)

AssetImportParameters requested are different than current active one (requested -> active):
  custom:graphics/normal-map-encoding: 01000000000000000000000000000000 -> 02000000000000000000000000000000
========================================================================
Received Import Request.
  Time since last request: 17191.669068 seconds.
  path: Assets/Scripts/Ui/LevelButton.cs
  artifactKey: Guid(d6b5605675732b739b3062aa1a785990) Importer(815301076,1909f56bfc062723c751e8b465ee728b)
Start importing Assets/Scripts/Ui/LevelButton.cs using Guid(d6b5605675732b739b3062aa1a785990) Importer(815301076,1909f56bfc062723c751e8b465ee728b)  -> (artifact id: '13528af21f596cbab26eac38d6a3955a') in 0.006046 seconds
  Import took 0.011741 seconds .

========================================================================
Received Import Request.
  Time since last request: 7.179835 seconds.
  path: Assets/Scenes/MainMenu.unity
  artifactKey: Guid(8576a8fbd3a66b82ab517c63a47feb9b) Importer(815301076,1909f56bfc062723c751e8b465ee728b)
Start importing Assets/Scenes/MainMenu.unity using Guid(8576a8fbd3a66b82ab517c63a47feb9b) Importer(815301076,1909f56bfc062723c751e8b465ee728b)  -> (artifact id: '1a071f05f4586e82ba79245daee12661') in 0.017117 seconds
  Import took 0.022870 seconds .

AssetImportWorkerClient::OnTransportError - code=2 error=End of file
